Using pre-set license
Built from '2021.3/staging' branch; Version is '2021.3.4f1 (cb45f9cae8b7) revision 13321721'; Using compiler version '192829333'; Build Type 'Release'
OS: 'Windows 10  (10.0.17763) 64bit EnterpriseS' Language: 'en' Physical Memory: 16254 MB
BatchMode: 1, IsHumanControllingUs: 0, StartBugReporterOnCrash: 0, Is64bit: 1, IsPro: 1

COMMAND LINE ARGUMENTS:
C:\Program Files\Unity\Hub\Editor\2021.3.4f1\Editor\Unity.exe
-adb2
-batchMode
-noUpm
-name
AssetImportWorker2
-projectPath
C:/Users/Admin/parkinsonsHololens
-logFile
Logs/AssetImportWorker2.log
-srvPort
54426
Successfully changed project path to: C:/Users/Admin/parkinsonsHololens
C:/Users/Admin/parkinsonsHololens
[UnityMemory] Configuration Parameters - Can be set up in boot.config
    "memorysetup-bucket-allocator-granularity=16"
    "memorysetup-bucket-allocator-bucket-count=8"
    "memorysetup-bucket-allocator-block-size=33554432"
    "memorysetup-bucket-allocator-block-count=8"
    "memorysetup-main-allocator-block-size=16777216"
    "memorysetup-thread-allocator-block-size=16777216"
    "memorysetup-gfx-main-allocator-block-size=16777216"
    "memorysetup-gfx-thread-allocator-block-size=16777216"
    "memorysetup-cache-allocator-block-size=4194304"
    "memorysetup-typetree-allocator-block-size=2097152"
    "memorysetup-profiler-bucket-allocator-granularity=16"
    "memorysetup-profiler-bucket-allocator-bucket-count=8"
    "memorysetup-profiler-bucket-allocator-block-size=33554432"
    "memorysetup-profiler-bucket-allocator-block-count=8"
    "memorysetup-profiler-allocator-block-size=16777216"
    "memorysetup-profiler-editor-allocator-block-size=1048576"
    "memorysetup-temp-allocator-size-main=16777216"
    "memorysetup-job-temp-allocator-block-size=2097152"
    "memorysetup-job-temp-allocator-block-size-background=1048576"
    "memorysetup-job-temp-allocator-reduction-small-platforms=262144"
    "memorysetup-temp-allocator-size-background-worker=32768"
    "memorysetup-temp-allocator-size-job-worker=262144"
    "memorysetup-temp-allocator-size-preload-manager=33554432"
    "memorysetup-temp-allocator-size-nav-mesh-worker=65536"
    "memorysetup-temp-allocator-size-audio-worker=65536"
    "memorysetup-temp-allocator-size-cloud-worker=32768"
    "memorysetup-temp-allocator-size-gi-baking-worker=262144"
    "memorysetup-temp-allocator-size-gfx=262144"
Refreshing native plugins compatible for Editor in 222.35 ms, found 12 plugins.
Preloading 0 native plugins for Editor in 0.00 ms.
Initialize engine version: 2021.3.4f1 (cb45f9cae8b7)
[Subsystems] Discovering subsystems at path C:/Program Files/Unity/Hub/Editor/2021.3.4f1/Editor/Data/Resources/UnitySubsystems
[Subsystems] Discovering subsystems at path C:/Users/Admin/parkinsonsHololens/Assets
GfxDevice: creating device client; threaded=0; jobified=0
Direct3D:
    Version:  Direct3D 11.0 [level 11.1]
    Renderer: Intel(R) UHD Graphics 630 (ID=0x3e92)
    Vendor:   Intel
    VRAM:     8127 MB
    Driver:   25.20.100.6374
Initialize mono
Mono path[0] = 'C:/Program Files/Unity/Hub/Editor/2021.3.4f1/Editor/Data/Managed'
Mono path[1] = 'C:/Program Files/Unity/Hub/Editor/2021.3.4f1/Editor/Data/MonoBleedingEdge/lib/mono/unityjit-win32'
Mono config path = 'C:/Program Files/Unity/Hub/Editor/2021.3.4f1/Editor/Data/MonoBleedingEdge/etc'
Using monoOptions --debugger-agent=transport=dt_socket,embedding=1,server=y,suspend=n,address=127.0.0.1:56232
Begin MonoManager ReloadAssembly
Registering precompiled unity dll's ...
Register platform support module: C:/Program Files/Unity/Hub/Editor/2021.3.4f1/Editor/Data/PlaybackEngines/WebGLSupport/UnityEditor.WebGL.Extensions.dll
Register platform support module: C:/Program Files/Unity/Hub/Editor/2021.3.4f1/Editor/Data/PlaybackEngines/AndroidPlayer/UnityEditor.Android.Extensions.dll
Register platform support module: C:/Program Files/Unity/Hub/Editor/2021.3.4f1/Editor/Data/PlaybackEngines/WindowsStandaloneSupport/UnityEditor.WindowsStandalone.Extensions.dll
Register platform support module: C:/Program Files/Unity/Hub/Editor/2021.3.4f1/Editor/Data/PlaybackEngines/MetroSupport/UnityEditor.UWP.Extensions.dll
Registered in 0.005328 seconds.
Native extension for UWP target not found
Native extension for WindowsStandalone target not found
Native extension for Android target not found
Native extension for WebGL target not found
Refreshing native plugins compatible for Editor in 107.82 ms, found 12 plugins.
Preloading 0 native plugins for Editor in 0.00 ms.
Mono: successfully reloaded assembly
- Completed reload, in  0.623 seconds
Domain Reload Profiling:
	ReloadAssembly (623ms)
		BeginReloadAssembly (65ms)
			ExecutionOrderSort (0ms)
			DisableScriptedObjects (0ms)
			BackupInstance (0ms)
			ReleaseScriptingObjects (0ms)
			CreateAndSetChildDomain (1ms)
		EndReloadAssembly (462ms)
			LoadAssemblies (65ms)
			RebuildTransferFunctionScriptingTraits (0ms)
			SetupTypeCache (99ms)
			ReleaseScriptCaches (0ms)
			RebuildScriptCaches (25ms)
			SetupLoadedEditorAssemblies (291ms)
				LogAssemblyErrors (0ms)
				InitializePlatformSupportModulesInManaged (52ms)
				SetLoadedEditorAssemblies (0ms)
				RefreshPlugins (108ms)
				BeforeProcessingInitializeOnLoad (1ms)
				ProcessInitializeOnLoadAttributes (85ms)
				ProcessInitializeOnLoadMethodAttributes (44ms)
				AfterProcessingInitializeOnLoad (0ms)
				EditorAssembliesLoaded (0ms)
			ExecutionOrderSort2 (0ms)
			AwakeInstancesAfterBackupRestoration (0ms)
Platform modules already initialized, skipping
Registering precompiled user dll's ...
Registered in 0.008953 seconds.
Begin MonoManager ReloadAssembly
An ADB process has shut down when we were accessing it, the following System.Threading.ThreadAbortException has been thrown: Thread was being aborted..
Native extension for UWP target not found
Native extension for WindowsStandalone target not found
Native extension for Android target not found
Native extension for WebGL target not found
Refreshing native plugins compatible for Editor in 122.30 ms, found 12 plugins.
Preloading 0 native plugins for Editor in 0.00 ms.
Package Manager log level set to [2]
Mono: successfully reloaded assembly
- Completed reload, in  1.559 seconds
Domain Reload Profiling:
	ReloadAssembly (1560ms)
		BeginReloadAssembly (212ms)
			ExecutionOrderSort (0ms)
			DisableScriptedObjects (6ms)
			BackupInstance (0ms)
			ReleaseScriptingObjects (0ms)
			CreateAndSetChildDomain (123ms)
		EndReloadAssembly (1251ms)
			LoadAssemblies (95ms)
			RebuildTransferFunctionScriptingTraits (0ms)
			SetupTypeCache (318ms)
			ReleaseScriptCaches (1ms)
			RebuildScriptCaches (69ms)
			SetupLoadedEditorAssemblies (728ms)
				LogAssemblyErrors (0ms)
				InitializePlatformSupportModulesInManaged (20ms)
				SetLoadedEditorAssemblies (0ms)
				RefreshPlugins (122ms)
				BeforeProcessingInitializeOnLoad (146ms)
				ProcessInitializeOnLoadAttributes (409ms)
				ProcessInitializeOnLoadMethodAttributes (26ms)
				AfterProcessingInitializeOnLoad (5ms)
				EditorAssembliesLoaded (0ms)
			ExecutionOrderSort2 (0ms)
			AwakeInstancesAfterBackupRestoration (6ms)
Platform modules already initialized, skipping
========================================================================
Worker process is ready to serve import requests
Launched and connected shader compiler UnityShaderCompiler.exe after 0.08 seconds
Refreshing native plugins compatible for Editor in 1.01 ms, found 12 plugins.
Preloading 0 native plugins for Editor in 0.00 ms.
Unloading 5422 Unused Serialized files (Serialized files now loaded: 0)
Unloading 48 unused Assets / (112.4 KB). Loaded Objects now: 5865.
Memory consumption went from 186.3 MB to 186.2 MB.
Total: 4.408400 ms (FindLiveObjects: 0.508700 ms CreateObjectMapping: 0.503700 ms MarkObjects: 3.222900 ms  DeleteObjects: 0.172000 ms)

AssetImportParameters requested are different than current active one (requested -> active):
  custom:video-decoder-ogg-theora: a1e56fd34408186e4bbccfd4996cb3dc -> 
  custom:container-muxer-webm: aa71ff27fc2769a1b78a27578f13a17b -> 
  custom:container-demuxer-webm: 4f35f7cbe854078d1ac9338744f61a02 -> 
  custom:video-encoder-webm-vp8: eb34c28f22e8b96e1ab97ce403110664 -> 
  custom:audio-encoder-webm-vorbis: bf7c407c2cedff20999df2af8eb42d56 -> 
  custom:framework-win-MediaFoundation: 216162199b28c13a410421893ffa2e32 -> 
  custom:container-demuxer-ogg: 62fdf1f143b41e24485cea50d1cbac27 -> 
  custom:video-decoder-webm-vp8: 9c59270c3fd7afecdb556c50c9e8de78 -> 
  custom:audio-decoder-ogg-vorbis: bf7c407c2cedff20999df2af8eb42d56 -> 
========================================================================
Received Import Request.
  Time since last request: 8537.279678 seconds.
  path: Packages/com.microsoft.mixedreality.toolkit.foundation/SDK/Features/UX/Interactable/Materials/ToggleBackground.mat
  artifactKey: Guid(a07d81f563d59544fb6ae5588f5bd0be) Importer(815301076,1909f56bfc062723c751e8b465ee728b)
Start importing Packages/com.microsoft.mixedreality.toolkit.foundation/SDK/Features/UX/Interactable/Materials/ToggleBackground.mat using Guid(a07d81f563d59544fb6ae5588f5bd0be) Importer(815301076,1909f56bfc062723c751e8b465ee728b)  -> (artifact id: '02522a7b30d78b154ccc785ed171ced8') in 0.249539 seconds 
========================================================================
Received Import Request.
  Time since last request: 0.000032 seconds.
  path: Packages/com.microsoft.mixedreality.toolkit.foundation/SDK/StandardAssets/Materials/TooltipWithoutBorder.mat
  artifactKey: Guid(5d32de94858bee047bb11ab4714b6d9e) Importer(815301076,1909f56bfc062723c751e8b465ee728b)
Start importing Packages/com.microsoft.mixedreality.toolkit.foundation/SDK/StandardAssets/Materials/TooltipWithoutBorder.mat using Guid(5d32de94858bee047bb11ab4714b6d9e) Importer(815301076,1909f56bfc062723c751e8b465ee728b)  -> (artifact id: '090ebf06bf383d47cad37c1eb2268a33') in 0.119521 seconds 
========================================================================
Received Import Request.
  Time since last request: 0.000041 seconds.
  path: Packages/com.microsoft.mixedreality.toolkit.foundation/SDK/Features/UX/Materials/UnityUIBackground.mat
  artifactKey: Guid(9da0afcd6988c6d47a8cc8609ca3315b) Importer(815301076,1909f56bfc062723c751e8b465ee728b)
Start importing Packages/com.microsoft.mixedreality.toolkit.foundation/SDK/Features/UX/Materials/UnityUIBackground.mat using Guid(9da0afcd6988c6d47a8cc8609ca3315b) Importer(815301076,1909f56bfc062723c751e8b465ee728b)  -> (artifact id: '83c7cbcebe9d73b04481b3218dfd3c2b') in 0.125112 seconds 
========================================================================
Received Import Request.
  Time since last request: 0.000024 seconds.
  path: Packages/com.microsoft.mixedreality.toolkit.foundation/SDK/Features/UX/Interactable/Materials/ToggleIcon.mat
  artifactKey: Guid(6801601dde9962843aa1336de93505f0) Importer(815301076,1909f56bfc062723c751e8b465ee728b)
Start importing Packages/com.microsoft.mixedreality.toolkit.foundation/SDK/Features/UX/Interactable/Materials/ToggleIcon.mat using Guid(6801601dde9962843aa1336de93505f0) Importer(815301076,1909f56bfc062723c751e8b465ee728b)  -> (artifact id: '9245475d241a60206411fce4742689d9') in 0.021668 seconds 
========================================================================
Received Import Request.
  Time since last request: 0.000019 seconds.
  path: Packages/com.microsoft.mixedreality.toolkit.standardassets/Materials/Text3DSelawikSemibold.mat
  artifactKey: Guid(995259be68dc4fa98ed72600bc3cc149) Importer(815301076,1909f56bfc062723c751e8b465ee728b)
Start importing Packages/com.microsoft.mixedreality.toolkit.standardassets/Materials/Text3DSelawikSemibold.mat using Guid(995259be68dc4fa98ed72600bc3cc149) Importer(815301076,1909f56bfc062723c751e8b465ee728b)  -> (artifact id: '9b34d198f7f4aa794af8c560171f0a00') in 0.033124 seconds 
========================================================================
Received Import Request.
  Time since last request: 0.000029 seconds.
  path: Packages/com.microsoft.mixedreality.toolkit.standardassets/Materials/Text3DSelawikBold.mat
  artifactKey: Guid(114fd1489fbd406ab097068cd1fa8842) Importer(815301076,1909f56bfc062723c751e8b465ee728b)
Start importing Packages/com.microsoft.mixedreality.toolkit.standardassets/Materials/Text3DSelawikBold.mat using Guid(114fd1489fbd406ab097068cd1fa8842) Importer(815301076,1909f56bfc062723c751e8b465ee728b)  -> (artifact id: '968bcf603eecf371f426f94d7c38be7d') in 0.022956 seconds 
========================================================================
Received Import Request.
  Time since last request: 2.630185 seconds.
  path: Packages/com.microsoft.mixedreality.toolkit.standardassets/Materials/MRTK_Standard_TransparentRed.mat
  artifactKey: Guid(635a27f13b7b26b4483bc1283d04803e) Importer(815301076,1909f56bfc062723c751e8b465ee728b)
Start importing Packages/com.microsoft.mixedreality.toolkit.standardassets/Materials/MRTK_Standard_TransparentRed.mat using Guid(635a27f13b7b26b4483bc1283d04803e) Importer(815301076,1909f56bfc062723c751e8b465ee728b)  -> (artifact id: '69702b90d419d5c9bb3072c404705a04') in 0.025037 seconds 
========================================================================
Received Import Request.
  Time since last request: 0.000022 seconds.
  path: Packages/com.microsoft.mixedreality.toolkit.standardassets/Materials/MRTK_Standard_TransparentMagenta.mat
  artifactKey: Guid(6c0366ebfed014a40a2e6923663c7381) Importer(815301076,1909f56bfc062723c751e8b465ee728b)
Start importing Packages/com.microsoft.mixedreality.toolkit.standardassets/Materials/MRTK_Standard_TransparentMagenta.mat using Guid(6c0366ebfed014a40a2e6923663c7381) Importer(815301076,1909f56bfc062723c751e8b465ee728b)  -> (artifact id: '4b6232d5a00e8d84817da51b1a688d47') in 0.020950 seconds 
========================================================================
Received Import Request.
  Time since last request: 0.000032 seconds.
  path: Packages/com.microsoft.mixedreality.toolkit.standardassets/Materials/MRTK_Standard_TransparentPurple.mat
  artifactKey: Guid(0d8c6bb9c868a9246abea5b9462b401f) Importer(815301076,1909f56bfc062723c751e8b465ee728b)
Start importing Packages/com.microsoft.mixedreality.toolkit.standardassets/Materials/MRTK_Standard_TransparentPurple.mat using Guid(0d8c6bb9c868a9246abea5b9462b401f) Importer(815301076,1909f56bfc062723c751e8b465ee728b)  -> (artifact id: '3dbe0d115ee73ff4d02fb3faa9c2a585') in 0.022127 seconds 
========================================================================
Received Import Request.
  Time since last request: 0.000023 seconds.
  path: Packages/com.microsoft.mixedreality.toolkit.standardassets/Materials/MRTK_Standard_TransparentCyan.mat
  artifactKey: Guid(c6bd404f506e1894289fde7b1689f901) Importer(815301076,1909f56bfc062723c751e8b465ee728b)
Start importing Packages/com.microsoft.mixedreality.toolkit.standardassets/Materials/MRTK_Standard_TransparentCyan.mat using Guid(c6bd404f506e1894289fde7b1689f901) Importer(815301076,1909f56bfc062723c751e8b465ee728b)  -> (artifact id: '9fc314c933b278d2948e54965f5939a4') in 0.030887 seconds 
========================================================================
Received Import Request.
  Time since last request: 0.000024 seconds.
  path: Packages/com.microsoft.mixedreality.toolkit.standardassets/Materials/MRTK_Standard_Purple.mat
  artifactKey: Guid(d808c628536649eaa61f2a2f2d16c6cc) Importer(815301076,1909f56bfc062723c751e8b465ee728b)
Start importing Packages/com.microsoft.mixedreality.toolkit.standardassets/Materials/MRTK_Standard_Purple.mat using Guid(d808c628536649eaa61f2a2f2d16c6cc) Importer(815301076,1909f56bfc062723c751e8b465ee728b)  -> (artifact id: 'dfd0c772cebfa75b557bbb24f8a183cb') in 0.025944 seconds 
========================================================================
Received Import Request.
  Time since last request: 0.000023 seconds.
  path: Packages/com.microsoft.mixedreality.toolkit.standardassets/Materials/MRTK_Standard_Lime.mat
  artifactKey: Guid(00665e2a669d4b0fab1965843b4c914b) Importer(815301076,1909f56bfc062723c751e8b465ee728b)
Start importing Packages/com.microsoft.mixedreality.toolkit.standardassets/Materials/MRTK_Standard_Lime.mat using Guid(00665e2a669d4b0fab1965843b4c914b) Importer(815301076,1909f56bfc062723c751e8b465ee728b)  -> (artifact id: 'c58a91b72f72ce986603ef8d5cbcb700') in 0.025135 seconds 
========================================================================
Received Import Request.
  Time since last request: 0.000028 seconds.
  path: Packages/com.microsoft.mixedreality.toolkit.standardassets/Materials/MRTK_Standard_Green.mat
  artifactKey: Guid(47f3c5e1cb6142ba9697cd4c86d74321) Importer(815301076,1909f56bfc062723c751e8b465ee728b)
Start importing Packages/com.microsoft.mixedreality.toolkit.standardassets/Materials/MRTK_Standard_Green.mat using Guid(47f3c5e1cb6142ba9697cd4c86d74321) Importer(815301076,1909f56bfc062723c751e8b465ee728b)  -> (artifact id: '1dc9c818466d5431d7e05304950b3375') in 0.021131 seconds 
========================================================================
Received Import Request.
  Time since last request: 0.000037 seconds.
  path: Packages/com.microsoft.mixedreality.toolkit.standardassets/Materials/MRTK_Standard_Gray.mat
  artifactKey: Guid(835cb4a58f172d7478801db95e510f56) Importer(815301076,1909f56bfc062723c751e8b465ee728b)
Start importing Packages/com.microsoft.mixedreality.toolkit.standardassets/Materials/MRTK_Standard_Gray.mat using Guid(835cb4a58f172d7478801db95e510f56) Importer(815301076,1909f56bfc062723c751e8b465ee728b)  -> (artifact id: '74d474df8fd7e316496a726d2005eaa3') in 0.021613 seconds 
========================================================================
Received Import Request.
  Time since last request: 0.000030 seconds.
  path: Packages/com.microsoft.mixedreality.toolkit.standardassets/Materials/MRTK_Standard_GlowingCyan.mat
  artifactKey: Guid(27a6136d64696da4eba1b89b3df8d3df) Importer(815301076,1909f56bfc062723c751e8b465ee728b)
Start importing Packages/com.microsoft.mixedreality.toolkit.standardassets/Materials/MRTK_Standard_GlowingCyan.mat using Guid(27a6136d64696da4eba1b89b3df8d3df) Importer(815301076,1909f56bfc062723c751e8b465ee728b)  -> (artifact id: 'aac3c7b6b9d4e2b17f6a41147a308e62') in 0.118815 seconds 
========================================================================
Received Import Request.
  Time since last request: 0.000022 seconds.
  path: Packages/com.microsoft.mixedreality.toolkit.foundation/SDK/Features/UX/Prefabs/RiggedHandVisualizer/R_Hand_MRTK_Rig.fbx
  artifactKey: Guid(b64663fc62df24747a19b63a434e3490) Importer(815301076,1909f56bfc062723c751e8b465ee728b)
Start importing Packages/com.microsoft.mixedreality.toolkit.foundation/SDK/Features/UX/Prefabs/RiggedHandVisualizer/R_Hand_MRTK_Rig.fbx using Guid(b64663fc62df24747a19b63a434e3490) Importer(815301076,1909f56bfc062723c751e8b465ee728b)  -> (artifact id: '9f08cf602d239f6b076ef39c5f1a178c') in 0.152302 seconds 
========================================================================
Received Import Request.
  Time since last request: 0.000027 seconds.
  path: Packages/com.microsoft.mixedreality.toolkit.foundation/SDK/Features/UX/Interactable/Materials/MRTK_GrabbableDots2RowsV2.mat
  artifactKey: Guid(15c4e4b880f2be34790dce1a74139d27) Importer(815301076,1909f56bfc062723c751e8b465ee728b)
Start importing Packages/com.microsoft.mixedreality.toolkit.foundation/SDK/Features/UX/Interactable/Materials/MRTK_GrabbableDots2RowsV2.mat using Guid(15c4e4b880f2be34790dce1a74139d27) Importer(815301076,1909f56bfc062723c751e8b465ee728b)  -> (artifact id: 'f42ad475343f357574db4c941a0accac') in 0.057652 seconds 
========================================================================
Received Import Request.
  Time since last request: 0.000033 seconds.
  path: Packages/com.microsoft.mixedreality.toolkit.foundation/SDK/Features/UX/Interactable/Materials/HolographicButtonIconHandJoint.mat
  artifactKey: Guid(e6ab953dc933471489f5ebff6791a886) Importer(815301076,1909f56bfc062723c751e8b465ee728b)
Start importing Packages/com.microsoft.mixedreality.toolkit.foundation/SDK/Features/UX/Interactable/Materials/HolographicButtonIconHandJoint.mat using Guid(e6ab953dc933471489f5ebff6791a886) Importer(815301076,1909f56bfc062723c751e8b465ee728b)  -> (artifact id: '96dd9f0110e3ce7d36af61faeb5a5d9e') in 0.066036 seconds 
========================================================================
Received Import Request.
  Time since last request: 0.000021 seconds.
  path: Packages/com.microsoft.mixedreality.toolkit.foundation/SDK/Features/UX/Meshes/Cursors/Materials/Light.mat
  artifactKey: Guid(d7c7db2cf580ab94084f0561d16ded07) Importer(815301076,1909f56bfc062723c751e8b465ee728b)
Start importing Packages/com.microsoft.mixedreality.toolkit.foundation/SDK/Features/UX/Meshes/Cursors/Materials/Light.mat using Guid(d7c7db2cf580ab94084f0561d16ded07) Importer(815301076,1909f56bfc062723c751e8b465ee728b)  -> (artifact id: 'c4afb9bb496581cc773c0bfebba6a4df') in 0.020155 seconds 
========================================================================
Received Import Request.
  Time since last request: 0.000042 seconds.
  path: Packages/com.microsoft.mixedreality.toolkit.foundation/SDK/Features/UX/Interactable/Materials/HolographicButtonIconStar.mat
  artifactKey: Guid(6f0c1af0718ce6d4abe8b90d6e2c283f) Importer(815301076,1909f56bfc062723c751e8b465ee728b)
Start importing Packages/com.microsoft.mixedreality.toolkit.foundation/SDK/Features/UX/Interactable/Materials/HolographicButtonIconStar.mat using Guid(6f0c1af0718ce6d4abe8b90d6e2c283f) Importer(815301076,1909f56bfc062723c751e8b465ee728b)  -> (artifact id: '26a801cdc08d03091f7e0f2301051177') in 0.058998 seconds 
========================================================================
Received Import Request.
  Time since last request: 0.000034 seconds.
  path: Packages/com.microsoft.mixedreality.toolkit.foundation/SDK/Features/UX/Materials/PulseShader/MRTK_Pulse_SpatialMeshPurple.mat
  artifactKey: Guid(3a3a03a9e0a1eb24eb192533df212c4c) Importer(815301076,1909f56bfc062723c751e8b465ee728b)
Start importing Packages/com.microsoft.mixedreality.toolkit.foundation/SDK/Features/UX/Materials/PulseShader/MRTK_Pulse_SpatialMeshPurple.mat using Guid(3a3a03a9e0a1eb24eb192533df212c4c) Importer(815301076,1909f56bfc062723c751e8b465ee728b)  -> (artifact id: '17cbe68b9bf85efd12fb55cb6acbda92') in 0.114208 seconds 
========================================================================
Received Import Request.
  Time since last request: 0.000028 seconds.
  path: Packages/com.microsoft.mixedreality.toolkit.foundation/SDK/Features/UX/Interactable/Materials/HolographicButtonPlate.mat
  artifactKey: Guid(19bfc37fa7629b842a220853f7f60782) Importer(815301076,1909f56bfc062723c751e8b465ee728b)
Start importing Packages/com.microsoft.mixedreality.toolkit.foundation/SDK/Features/UX/Interactable/Materials/HolographicButtonPlate.mat using Guid(19bfc37fa7629b842a220853f7f60782) Importer(815301076,1909f56bfc062723c751e8b465ee728b)  -> (artifact id: '83f918ba9f220ef366fe3bc1eba4593a') in 0.107056 seconds 
========================================================================
Received Import Request.
  Time since last request: 0.000033 seconds.
  path: Packages/com.microsoft.mixedreality.toolkit.standardassets/Fonts/selawksl.ttf
  artifactKey: Guid(0fd94703e1ea496bb9999216ac3ece0d) Importer(815301076,1909f56bfc062723c751e8b465ee728b)
Start importing Packages/com.microsoft.mixedreality.toolkit.standardassets/Fonts/selawksl.ttf using Guid(0fd94703e1ea496bb9999216ac3ece0d) Importer(815301076,1909f56bfc062723c751e8b465ee728b)  -> (artifact id: '40f01f89ffead8ca55221a0a2f57facd') in 0.067609 seconds 
========================================================================
Received Import Request.
  Time since last request: 0.000034 seconds.
  path: Packages/com.microsoft.mixedreality.toolkit.foundation/SDK/Features/UX/Meshes/Sliders/Button_Oval_Concave_12x24mm_optimized.fbx
  artifactKey: Guid(fa3a0f81e3a63bd4db13ad99b3858f49) Importer(815301076,1909f56bfc062723c751e8b465ee728b)
Start importing Packages/com.microsoft.mixedreality.toolkit.foundation/SDK/Features/UX/Meshes/Sliders/Button_Oval_Concave_12x24mm_optimized.fbx using Guid(fa3a0f81e3a63bd4db13ad99b3858f49) Importer(815301076,1909f56bfc062723c751e8b465ee728b)  -> (artifact id: '93e643ec791b6e190df2fdc0a87dd3fa') in 0.043962 seconds 
========================================================================
Received Import Request.
  Time since last request: 0.000023 seconds.
  path: Packages/com.microsoft.mixedreality.toolkit.standardassets/Materials/MRTK_Standard_TransparentLime.mat
  artifactKey: Guid(d8efdb3c98967354dad720c9f34297fb) Importer(815301076,1909f56bfc062723c751e8b465ee728b)
Start importing Packages/com.microsoft.mixedreality.toolkit.standardassets/Materials/MRTK_Standard_TransparentLime.mat using Guid(d8efdb3c98967354dad720c9f34297fb) Importer(815301076,1909f56bfc062723c751e8b465ee728b)  -> (artifact id: 'ebed4e91877ea00289829c330c82a259') in 0.026850 seconds 
========================================================================
Received Import Request.
  Time since last request: 0.000071 seconds.
  path: Packages/com.microsoft.mixedreality.toolkit.foundation/SDK/Features/UX/Materials/BoundingBoxSlate.mat
  artifactKey: Guid(6f044b5d95469d64ea8feb1225b1d5fa) Importer(815301076,1909f56bfc062723c751e8b465ee728b)
Start importing Packages/com.microsoft.mixedreality.toolkit.foundation/SDK/Features/UX/Materials/BoundingBoxSlate.mat using Guid(6f044b5d95469d64ea8feb1225b1d5fa) Importer(815301076,1909f56bfc062723c751e8b465ee728b)  -> (artifact id: '9e4f5f93f82f1701cf51cb1bd4df4630') in 0.149734 seconds 
========================================================================
Received Import Request.
  Time since last request: 0.000034 seconds.
  path: Packages/com.microsoft.mixedreality.toolkit.foundation/SDK/Features/UX/Interactable/Materials/ColorButtonProximity.mat
  artifactKey: Guid(bdccf05745da15347b32e2a4ff255dc9) Importer(815301076,1909f56bfc062723c751e8b465ee728b)
Start importing Packages/com.microsoft.mixedreality.toolkit.foundation/SDK/Features/UX/Interactable/Materials/ColorButtonProximity.mat using Guid(bdccf05745da15347b32e2a4ff255dc9) Importer(815301076,1909f56bfc062723c751e8b465ee728b)  -> (artifact id: '72ef3dd46bcd5f952a3fee51d0968a86') in 0.125557 seconds 
========================================================================
Received Import Request.
  Time since last request: 0.000038 seconds.
  path: Packages/com.microsoft.mixedreality.toolkit.foundation/SDK/Features/UX/Materials/BoundingBoxHandleWhite.mat
  artifactKey: Guid(986558eab447a9847bbe138149edc1b4) Importer(815301076,1909f56bfc062723c751e8b465ee728b)
Start importing Packages/com.microsoft.mixedreality.toolkit.foundation/SDK/Features/UX/Materials/BoundingBoxHandleWhite.mat using Guid(986558eab447a9847bbe138149edc1b4) Importer(815301076,1909f56bfc062723c751e8b465ee728b)  -> (artifact id: '6fb6def199d54c38422b1160460b7ef8') in 0.123739 seconds 
========================================================================
Received Import Request.
  Time since last request: 0.000022 seconds.
  path: Packages/com.microsoft.mixedreality.toolkit.foundation/SDK/Features/UX/Interactable/Materials/HolographicBackPlateHover.mat
  artifactKey: Guid(8c3faec7fe20fa049a963e86c6a92a3f) Importer(815301076,1909f56bfc062723c751e8b465ee728b)
Start importing Packages/com.microsoft.mixedreality.toolkit.foundation/SDK/Features/UX/Interactable/Materials/HolographicBackPlateHover.mat using Guid(8c3faec7fe20fa049a963e86c6a92a3f) Importer(815301076,1909f56bfc062723c751e8b465ee728b)  -> (artifact id: '1d020e95310c4ee8ea7876d5b3187687') in 0.090487 seconds 
========================================================================
Received Import Request.
  Time since last request: 0.000020 seconds.
  path: Packages/com.microsoft.mixedreality.toolkit.standardassets/Materials/MRTK_Standard_TransparentEmerald.mat
  artifactKey: Guid(ab6b5d4dc17c48bbab69426bced2d601) Importer(815301076,1909f56bfc062723c751e8b465ee728b)
Start importing Packages/com.microsoft.mixedreality.toolkit.standardassets/Materials/MRTK_Standard_TransparentEmerald.mat using Guid(ab6b5d4dc17c48bbab69426bced2d601) Importer(815301076,1909f56bfc062723c751e8b465ee728b)  -> (artifact id: 'd78ca69cffca3492b88dc2cb8b7a06ec') in 0.021593 seconds 
========================================================================
Received Import Request.
  Time since last request: 0.000027 seconds.
  path: Packages/com.microsoft.mixedreality.toolkit.standardassets/Materials/MRTK_Standard_TransparentGray.mat
  artifactKey: Guid(caaf928081244ea78e869b5904d8ddff) Importer(815301076,1909f56bfc062723c751e8b465ee728b)
Start importing Packages/com.microsoft.mixedreality.toolkit.standardassets/Materials/MRTK_Standard_TransparentGray.mat using Guid(caaf928081244ea78e869b5904d8ddff) Importer(815301076,1909f56bfc062723c751e8b465ee728b)  -> (artifact id: '066201696308db9346c556aa2619e403') in 0.022392 seconds 
========================================================================
Received Import Request.
  Time since last request: 0.000029 seconds.
  path: Packages/com.microsoft.mixedreality.toolkit.standardassets/Materials/MRTK_Standard_Red.mat
  artifactKey: Guid(c4a1b7475a654dd0acaa0cfdfba2e20c) Importer(815301076,1909f56bfc062723c751e8b465ee728b)
Start importing Packages/com.microsoft.mixedreality.toolkit.standardassets/Materials/MRTK_Standard_Red.mat using Guid(c4a1b7475a654dd0acaa0cfdfba2e20c) Importer(815301076,1909f56bfc062723c751e8b465ee728b)  -> (artifact id: '58193359a52b416dcaf151afb8a90119') in 0.019602 seconds 
========================================================================
Received Import Request.
  Time since last request: 0.000030 seconds.
  path: Packages/com.microsoft.mixedreality.toolkit.foundation/SDK/Features/UX/Materials/BoundsControlHandleDefault.mat
  artifactKey: Guid(ac37c7c0a1a7e8646b4f9f3ab4a6bfd9) Importer(815301076,1909f56bfc062723c751e8b465ee728b)
Start importing Packages/com.microsoft.mixedreality.toolkit.foundation/SDK/Features/UX/Materials/BoundsControlHandleDefault.mat using Guid(ac37c7c0a1a7e8646b4f9f3ab4a6bfd9) Importer(815301076,1909f56bfc062723c751e8b465ee728b)  -> (artifact id: 'ead50459017915a1ea3f37d76581af7b') in 0.081784 seconds 
========================================================================
Received Import Request.
  Time since last request: 0.000022 seconds.
  path: Packages/com.microsoft.mixedreality.toolkit.foundation/SDK/Features/UX/Interactable/Materials/HolographicButtonContentCage.mat
  artifactKey: Guid(7a340917eaca38f43a0deae0b3175ae2) Importer(815301076,1909f56bfc062723c751e8b465ee728b)
Start importing Packages/com.microsoft.mixedreality.toolkit.foundation/SDK/Features/UX/Interactable/Materials/HolographicButtonContentCage.mat using Guid(7a340917eaca38f43a0deae0b3175ae2) Importer(815301076,1909f56bfc062723c751e8b465ee728b)  -> (artifact id: 'd33e86ff0aa4794f816478d6c06c0125') in 0.060977 seconds 
========================================================================
Received Import Request.
  Time since last request: 0.000032 seconds.
  path: Packages/com.microsoft.mixedreality.toolkit.foundation/SDK/Features/UX/Materials/BoundingBoxHandleBlueGrabbed.mat
  artifactKey: Guid(bf37b5eab60b288498d02fd524325d10) Importer(815301076,1909f56bfc062723c751e8b465ee728b)
Start importing Packages/com.microsoft.mixedreality.toolkit.foundation/SDK/Features/UX/Materials/BoundingBoxHandleBlueGrabbed.mat using Guid(bf37b5eab60b288498d02fd524325d10) Importer(815301076,1909f56bfc062723c751e8b465ee728b)  -> (artifact id: 'b520f1d3059730c48b47dc87e49741c1') in 0.085185 seconds 
========================================================================
Received Import Request.
  Time since last request: 0.000038 seconds.
  path: Packages/com.microsoft.mixedreality.toolkit.foundation/SDK/Features/UX/Interactable/Materials/HolographicButtonIconRadioOff.mat
  artifactKey: Guid(faf1d0b5c5c707547974f64e21432204) Importer(815301076,1909f56bfc062723c751e8b465ee728b)
Start importing Packages/com.microsoft.mixedreality.toolkit.foundation/SDK/Features/UX/Interactable/Materials/HolographicButtonIconRadioOff.mat using Guid(faf1d0b5c5c707547974f64e21432204) Importer(815301076,1909f56bfc062723c751e8b465ee728b)  -> (artifact id: '3887c67ee0384a938c1eb70adb825a03') in 0.061962 seconds 
========================================================================
Received Import Request.
  Time since last request: 0.000020 seconds.
  path: Packages/com.microsoft.mixedreality.toolkit.foundation/SDK/Features/UX/Interactable/Materials/HolographicButtonIconHandRay.mat
  artifactKey: Guid(bd7c74df0032a844d80ddbb18c426143) Importer(815301076,1909f56bfc062723c751e8b465ee728b)
Start importing Packages/com.microsoft.mixedreality.toolkit.foundation/SDK/Features/UX/Interactable/Materials/HolographicButtonIconHandRay.mat using Guid(bd7c74df0032a844d80ddbb18c426143) Importer(815301076,1909f56bfc062723c751e8b465ee728b)  -> (artifact id: 'edbe3da58ab26416f6f998a829981f63') in 0.033188 seconds 
========================================================================
Received Import Request.
  Time since last request: 0.000032 seconds.
  path: Packages/com.microsoft.mixedreality.toolkit.foundation/SDK/Features/UX/Interactable/Materials/HolographicButtonIconSwitchOn.mat
  artifactKey: Guid(20c31511c9696d44d9399b948fd84c56) Importer(815301076,1909f56bfc062723c751e8b465ee728b)
Start importing Packages/com.microsoft.mixedreality.toolkit.foundation/SDK/Features/UX/Interactable/Materials/HolographicButtonIconSwitchOn.mat using Guid(20c31511c9696d44d9399b948fd84c56) Importer(815301076,1909f56bfc062723c751e8b465ee728b)  -> (artifact id: 'dab88ecd92628fefb28ba2b26f5c04a8') in 0.032089 seconds 
========================================================================
Received Import Request.
  Time since last request: 0.000032 seconds.
  path: Packages/com.microsoft.mixedreality.toolkit.foundation/SDK/Features/UX/Interactable/Materials/HolographicBackPlateThickBorder.mat
  artifactKey: Guid(f9326c3bd04b792498b7ba61c1aaeeb9) Importer(815301076,1909f56bfc062723c751e8b465ee728b)
Start importing Packages/com.microsoft.mixedreality.toolkit.foundation/SDK/Features/UX/Interactable/Materials/HolographicBackPlateThickBorder.mat using Guid(f9326c3bd04b792498b7ba61c1aaeeb9) Importer(815301076,1909f56bfc062723c751e8b465ee728b)  -> (artifact id: 'c0f28908549af5a7fd4d7c8b5d0c9927') in 0.019310 seconds 
========================================================================
Received Import Request.
  Time since last request: 0.000017 seconds.
  path: Packages/com.microsoft.mixedreality.toolkit.foundation/SDK/Features/UX/Interactable/Materials/HolographicBackPlateCircular.mat
  artifactKey: Guid(68f0ad9fadae8b3438ebd66cdba2b20f) Importer(815301076,1909f56bfc062723c751e8b465ee728b)
Start importing Packages/com.microsoft.mixedreality.toolkit.foundation/SDK/Features/UX/Interactable/Materials/HolographicBackPlateCircular.mat using Guid(68f0ad9fadae8b3438ebd66cdba2b20f) Importer(815301076,1909f56bfc062723c751e8b465ee728b)  -> (artifact id: '91ce991b06d3cce7111dad662f5507b0') in 0.091536 seconds 
========================================================================
Received Import Request.
  Time since last request: 0.000021 seconds.
  path: Packages/com.microsoft.mixedreality.toolkit.foundation/Services/DiagnosticsSystem/Materials/DiagnosticsInstancedColored.mat
  artifactKey: Guid(5b6fc83077d74fd4ca4c675623942a3e) Importer(815301076,1909f56bfc062723c751e8b465ee728b)
Start importing Packages/com.microsoft.mixedreality.toolkit.foundation/Services/DiagnosticsSystem/Materials/DiagnosticsInstancedColored.mat using Guid(5b6fc83077d74fd4ca4c675623942a3e) Importer(815301076,1909f56bfc062723c751e8b465ee728b)  -> (artifact id: '452777aab8f27b6ce28f1e90df400d2c') in 0.026503 seconds 
========================================================================
Received Import Request.
  Time since last request: 0.000032 seconds.
  path: Packages/com.microsoft.mixedreality.toolkit.foundation/SDK/Features/UX/Interactable/Materials/HolographicButtonIconSwitchOff.mat
  artifactKey: Guid(937eb8c218ff97343a4c3199e9d3c095) Importer(815301076,1909f56bfc062723c751e8b465ee728b)
Start importing Packages/com.microsoft.mixedreality.toolkit.foundation/SDK/Features/UX/Interactable/Materials/HolographicButtonIconSwitchOff.mat using Guid(937eb8c218ff97343a4c3199e9d3c095) Importer(815301076,1909f56bfc062723c751e8b465ee728b)  -> (artifact id: '0ea65bd9fe2e32e696f2cc068fd1d4d6') in 0.034265 seconds 
========================================================================
Received Import Request.
  Time since last request: 0.000028 seconds.
  path: Packages/com.microsoft.mixedreality.toolkit.standardassets/Materials/MRTK_Standard_TransparentLightGray.mat
  artifactKey: Guid(9921ca73d1b94b24aba7726b9df6db8c) Importer(815301076,1909f56bfc062723c751e8b465ee728b)
Start importing Packages/com.microsoft.mixedreality.toolkit.standardassets/Materials/MRTK_Standard_TransparentLightGray.mat using Guid(9921ca73d1b94b24aba7726b9df6db8c) Importer(815301076,1909f56bfc062723c751e8b465ee728b)  -> (artifact id: '5bbe2e05b9650ae18046556b4c3325ef') in 0.022635 seconds 
========================================================================
Received Import Request.
  Time since last request: 0.000036 seconds.
  path: Packages/com.microsoft.mixedreality.toolkit.foundation/SDK/Features/UX/Interactable/Materials/HolographicButtonIconHome.mat
  artifactKey: Guid(d3ec6f10c2cd7564693e6e59ca3239be) Importer(815301076,1909f56bfc062723c751e8b465ee728b)
Start importing Packages/com.microsoft.mixedreality.toolkit.foundation/SDK/Features/UX/Interactable/Materials/HolographicButtonIconHome.mat using Guid(d3ec6f10c2cd7564693e6e59ca3239be) Importer(815301076,1909f56bfc062723c751e8b465ee728b)  -> (artifact id: 'ee8d27127fa6ff0c440265cb2eb1f0d0') in 0.036066 seconds 
========================================================================
Received Import Request.
  Time since last request: 0.000025 seconds.
  path: Packages/com.microsoft.mixedreality.toolkit.standardassets/Materials/MRTK_Standard_TransparentDarkGray.mat
  artifactKey: Guid(07ebc80273d64c84b923be3e5f484151) Importer(815301076,1909f56bfc062723c751e8b465ee728b)
Start importing Packages/com.microsoft.mixedreality.toolkit.standardassets/Materials/MRTK_Standard_TransparentDarkGray.mat using Guid(07ebc80273d64c84b923be3e5f484151) Importer(815301076,1909f56bfc062723c751e8b465ee728b)  -> (artifact id: 'f6178aff305b490a7aaae4bef975d37b') in 0.119246 seconds 
========================================================================
Received Import Request.
  Time since last request: 0.000027 seconds.
  path: Packages/com.microsoft.mixedreality.toolkit.foundation/SDK/Features/UX/Interactable/Materials/HolographicButtonIconClose.mat
  artifactKey: Guid(115e8a36a794d414d96ca3ae31a090fe) Importer(815301076,1909f56bfc062723c751e8b465ee728b)
Start importing Packages/com.microsoft.mixedreality.toolkit.foundation/SDK/Features/UX/Interactable/Materials/HolographicButtonIconClose.mat using Guid(115e8a36a794d414d96ca3ae31a090fe) Importer(815301076,1909f56bfc062723c751e8b465ee728b)  -> (artifact id: '3a88dfa734b7cd7d2164ecea59dd2fa1') in 0.026419 seconds 
========================================================================
Received Import Request.
  Time since last request: 0.000033 seconds.
  path: Packages/com.microsoft.mixedreality.toolkit.foundation/SDK/Features/UX/Interactable/Materials/HolographicBackPlateGrabbableProximity.mat
  artifactKey: Guid(7bb46fe0291383e41b1cd86f2a9b2479) Importer(815301076,1909f56bfc062723c751e8b465ee728b)
Start importing Packages/com.microsoft.mixedreality.toolkit.foundation/SDK/Features/UX/Interactable/Materials/HolographicBackPlateGrabbableProximity.mat using Guid(7bb46fe0291383e41b1cd86f2a9b2479) Importer(815301076,1909f56bfc062723c751e8b465ee728b)  -> (artifact id: '5ca8f72f880b67360f85042ddd182610') in 0.153938 seconds 
========================================================================
Received Import Request.
  Time since last request: 0.000022 seconds.
  path: Packages/com.microsoft.mixedreality.toolkit.foundation/SDK/Features/UX/Interactable/Materials/HolographicBackPlateLabel.mat
  artifactKey: Guid(33bd7ed5b0c7fbf458af3e21dc58c192) Importer(815301076,1909f56bfc062723c751e8b465ee728b)
Start importing Packages/com.microsoft.mixedreality.toolkit.foundation/SDK/Features/UX/Interactable/Materials/HolographicBackPlateLabel.mat using Guid(33bd7ed5b0c7fbf458af3e21dc58c192) Importer(815301076,1909f56bfc062723c751e8b465ee728b)  -> (artifact id: 'e478a0d213bfe194de4aa4046fc0cdcc') in 0.088776 seconds 
========================================================================
Received Import Request.
  Time since last request: 0.000024 seconds.
  path: Packages/com.microsoft.mixedreality.toolkit.standardassets/Materials/MRTK_Standard_Orange.mat
  artifactKey: Guid(71d471797c0e430783230146721c3fcb) Importer(815301076,1909f56bfc062723c751e8b465ee728b)
Start importing Packages/com.microsoft.mixedreality.toolkit.standardassets/Materials/MRTK_Standard_Orange.mat using Guid(71d471797c0e430783230146721c3fcb) Importer(815301076,1909f56bfc062723c751e8b465ee728b)  -> (artifact id: 'b16e07e2091950d8b31ec6e8bbb7ee40') in 0.021852 seconds 
========================================================================
Received Import Request.
  Time since last request: 0.000038 seconds.
  path: Packages/com.microsoft.mixedreality.toolkit.foundation/SDK/Features/UX/Interactable/Materials/HolographicBackPlateBorderOnly.mat
  artifactKey: Guid(416caa6b57bb22c40ab9f1a4c12b304e) Importer(815301076,1909f56bfc062723c751e8b465ee728b)
Start importing Packages/com.microsoft.mixedreality.toolkit.foundation/SDK/Features/UX/Interactable/Materials/HolographicBackPlateBorderOnly.mat using Guid(416caa6b57bb22c40ab9f1a4c12b304e) Importer(815301076,1909f56bfc062723c751e8b465ee728b)  -> (artifact id: '755e8a2c1c2141572182aea7d0755fc3') in 0.080989 seconds 
========================================================================
Received Import Request.
  Time since last request: 0.000040 seconds.
  path: Packages/com.microsoft.mixedreality.toolkit.standardassets/Fonts/selawk.ttf
  artifactKey: Guid(e48b920555144c6da3ee2ab03f0fda88) Importer(815301076,1909f56bfc062723c751e8b465ee728b)
Start importing Packages/com.microsoft.mixedreality.toolkit.standardassets/Fonts/selawk.ttf using Guid(e48b920555144c6da3ee2ab03f0fda88) Importer(815301076,1909f56bfc062723c751e8b465ee728b)  -> (artifact id: '113372b940319b45dd82e2f5760fb5a3') in 0.019416 seconds 
========================================================================
Received Import Request.
  Time since last request: 0.000025 seconds.
  path: Packages/com.microsoft.mixedreality.toolkit.foundation/SDK/Features/UX/Interactable/Materials/Background.mat
  artifactKey: Guid(b861d27e49afd724286961e0f6a1de52) Importer(815301076,1909f56bfc062723c751e8b465ee728b)
Start importing Packages/com.microsoft.mixedreality.toolkit.foundation/SDK/Features/UX/Interactable/Materials/Background.mat using Guid(b861d27e49afd724286961e0f6a1de52) Importer(815301076,1909f56bfc062723c751e8b465ee728b)  -> (artifact id: 'd598df6a3c07e8433d3b3e0b97b628f4') in 0.088782 seconds 
========================================================================
Received Import Request.
  Time since last request: 0.000024 seconds.
  path: Packages/com.microsoft.mixedreality.toolkit.foundation/SDK/Features/UX/Materials/BoundingBoxHandleBlue.mat
  artifactKey: Guid(cd4f0804b166a5e4dbefe7a9d10a1438) Importer(815301076,1909f56bfc062723c751e8b465ee728b)
Start importing Packages/com.microsoft.mixedreality.toolkit.foundation/SDK/Features/UX/Materials/BoundingBoxHandleBlue.mat using Guid(cd4f0804b166a5e4dbefe7a9d10a1438) Importer(815301076,1909f56bfc062723c751e8b465ee728b)  -> (artifact id: '7079d66e249d3114ad04e98651f01ab0') in 0.105572 seconds 
========================================================================
Received Import Request.
  Time since last request: 0.000029 seconds.
  path: Packages/com.microsoft.mixedreality.toolkit.foundation/SDK/Experimental/MixedRealityKeyboardPreview/Materials/MixedRealityKeyboardPreviewCaret.mat
  artifactKey: Guid(1427cd2949bb6c94ca4958f6da5d9826) Importer(815301076,1909f56bfc062723c751e8b465ee728b)
Start importing Packages/com.microsoft.mixedreality.toolkit.foundation/SDK/Experimental/MixedRealityKeyboardPreview/Materials/MixedRealityKeyboardPreviewCaret.mat using Guid(1427cd2949bb6c94ca4958f6da5d9826) Importer(815301076,1909f56bfc062723c751e8b465ee728b)  -> (artifact id: '07b904a59d961cc9015175e52d9d5075') in 0.074326 seconds 
========================================================================
Received Import Request.
  Time since last request: 0.000019 seconds.
  path: Packages/com.unity.xr.arfoundation/Materials/DebugPlane.mat
  artifactKey: Guid(f1a110d32af21aa4d872c707dfcc6043) Importer(815301076,1909f56bfc062723c751e8b465ee728b)
Start importing Packages/com.unity.xr.arfoundation/Materials/DebugPlane.mat using Guid(f1a110d32af21aa4d872c707dfcc6043) Importer(815301076,1909f56bfc062723c751e8b465ee728b)  -> (artifact id: '9e8bf2b47bcaa813b8377ebe55924701') in 0.274989 seconds 
========================================================================
Received Import Request.
  Time since last request: 0.000057 seconds.
  path: Packages/com.microsoft.mixedreality.toolkit.foundation/SDK/StandardAssets/Materials/MRTK_GrabPointerGrabPoint.mat
  artifactKey: Guid(fc1d56dcfc4950949a5b56a1399a1822) Importer(815301076,1909f56bfc062723c751e8b465ee728b)
Start importing Packages/com.microsoft.mixedreality.toolkit.foundation/SDK/StandardAssets/Materials/MRTK_GrabPointerGrabPoint.mat using Guid(fc1d56dcfc4950949a5b56a1399a1822) Importer(815301076,1909f56bfc062723c751e8b465ee728b)  -> (artifact id: '322aadc4e5067af76caaf54509e2a75b') in 0.022782 seconds 
========================================================================
Received Import Request.
  Time since last request: 0.000062 seconds.
  path: Packages/com.microsoft.mixedreality.toolkit.foundation/SDK/Features/UX/Interactable/Materials/HolographicButtonContent.mat
  artifactKey: Guid(1ad68daec9ac6374cb32214e55dc158e) Importer(815301076,1909f56bfc062723c751e8b465ee728b)
Start importing Packages/com.microsoft.mixedreality.toolkit.foundation/SDK/Features/UX/Interactable/Materials/HolographicButtonContent.mat using Guid(1ad68daec9ac6374cb32214e55dc158e) Importer(815301076,1909f56bfc062723c751e8b465ee728b)  -> (artifact id: '9379c0ad7e8f90ae8b47e0412fbd720e') in 0.081275 seconds 
========================================================================
Received Import Request.
  Time since last request: 0.000031 seconds.
  path: Packages/com.microsoft.mixedreality.toolkit.foundation/SDK/Experimental/MixedRealityKeyboardPreview/Materials/MixedRealityKeyboardPreviewButtonBackPlate.mat
  artifactKey: Guid(6f99b8c3ebc31c942a5af2e66bfa5950) Importer(815301076,1909f56bfc062723c751e8b465ee728b)
Start importing Packages/com.microsoft.mixedreality.toolkit.foundation/SDK/Experimental/MixedRealityKeyboardPreview/Materials/MixedRealityKeyboardPreviewButtonBackPlate.mat using Guid(6f99b8c3ebc31c942a5af2e66bfa5950) Importer(815301076,1909f56bfc062723c751e8b465ee728b)  -> (artifact id: 'c75499d4bc26137bbacbdba0623181b5') in 0.076796 seconds 
========================================================================
Received Import Request.
  Time since last request: 0.000018 seconds.
  path: Packages/com.microsoft.mixedreality.toolkit.standardassets/Materials/MRTK_Standard_Charcoal.mat
  artifactKey: Guid(a5e028070ace428d8971079be1d965a6) Importer(815301076,1909f56bfc062723c751e8b465ee728b)
Start importing Packages/com.microsoft.mixedreality.toolkit.standardassets/Materials/MRTK_Standard_Charcoal.mat using Guid(a5e028070ace428d8971079be1d965a6) Importer(815301076,1909f56bfc062723c751e8b465ee728b)  -> (artifact id: 'c2e6ba1681d10c41bb6aa1a9807e70de') in 0.021899 seconds 
========================================================================
Received Import Request.
  Time since last request: 0.000035 seconds.
  path: Packages/com.microsoft.mixedreality.toolkit.foundation/SDK/Features/UX/Prefabs/RiggedHandVisualizer/L_Hand_MRTK_Rig.fbx
  artifactKey: Guid(95fdbeee899cda941a9083788b822772) Importer(815301076,1909f56bfc062723c751e8b465ee728b)
Start importing Packages/com.microsoft.mixedreality.toolkit.foundation/SDK/Features/UX/Prefabs/RiggedHandVisualizer/L_Hand_MRTK_Rig.fbx using Guid(95fdbeee899cda941a9083788b822772) Importer(815301076,1909f56bfc062723c751e8b465ee728b)  -> (artifact id: 'd81daf8d2a3d57ff4999fb5e2a815a12') in 0.058307 seconds 
========================================================================
Received Import Request.
  Time since last request: 393.408424 seconds.
  path: Assets
  artifactKey: Guid(00000000000000001000000000000000) Importer(815301076,1909f56bfc062723c751e8b465ee728b)
Start importing Assets using Guid(00000000000000001000000000000000) Importer(815301076,1909f56bfc062723c751e8b465ee728b)  -> (artifact id: '79842766b460edbeab6a34051e857a80') in 0.008057 seconds 
========================================================================
Received Import Request.
  Time since last request: 11.526687 seconds.
  path: Assets/sceneObjects.cs
  artifactKey: Guid(8972ad214e9813b41a5805d0e0306b0e) Importer(815301076,1909f56bfc062723c751e8b465ee728b)
Start importing Assets/sceneObjects.cs using Guid(8972ad214e9813b41a5805d0e0306b0e) Importer(815301076,1909f56bfc062723c751e8b465ee728b)  -> (artifact id: '6ef9fe27c0de37ad503a0af3c15ab068') in 0.045878 seconds 
========================================================================
Received Prepare
Registering precompiled user dll's ...
Registered in 0.008386 seconds.
Begin MonoManager ReloadAssembly
Native extension for UWP target not found
Native extension for WindowsStandalone target not found
Native extension for Android target not found
Native extension for WebGL target not found
Refreshing native plugins compatible for Editor in 1.12 ms, found 12 plugins.
Preloading 0 native plugins for Editor in 0.00 ms.
Mono: successfully reloaded assembly
- Completed reload, in  1.270 seconds
Domain Reload Profiling:
	ReloadAssembly (1270ms)
		BeginReloadAssembly (162ms)
			ExecutionOrderSort (0ms)
			DisableScriptedObjects (6ms)
			BackupInstance (0ms)
			ReleaseScriptingObjects (0ms)
			CreateAndSetChildDomain (49ms)
		EndReloadAssembly (984ms)
			LoadAssemblies (118ms)
			RebuildTransferFunctionScriptingTraits (0ms)
			SetupTypeCache (294ms)
			ReleaseScriptCaches (1ms)
			RebuildScriptCaches (46ms)
			SetupLoadedEditorAssemblies (484ms)
				LogAssemblyErrors (0ms)
				InitializePlatformSupportModulesInManaged (25ms)
				SetLoadedEditorAssemblies (1ms)
				RefreshPlugins (1ms)
				BeforeProcessingInitializeOnLoad (102ms)
				ProcessInitializeOnLoadAttributes (320ms)
				ProcessInitializeOnLoadMethodAttributes (31ms)
				AfterProcessingInitializeOnLoad (5ms)
				EditorAssembliesLoaded (0ms)
			ExecutionOrderSort2 (0ms)
			AwakeInstancesAfterBackupRestoration (6ms)
Platform modules already initialized, skipping
Refreshing native plugins compatible for Editor in 6.34 ms, found 12 plugins.
Preloading 0 native plugins for Editor in 0.00 ms.
Unloading 5387 Unused Serialized files (Serialized files now loaded: 0)
Unloading 38 unused Assets / (79.6 KB). Loaded Objects now: 5917.
Memory consumption went from 201.8 MB to 201.8 MB.
Total: 4.397100 ms (FindLiveObjects: 0.410000 ms CreateObjectMapping: 0.325000 ms MarkObjects: 3.572800 ms  DeleteObjects: 0.088000 ms)

AssetImportParameters requested are different than current active one (requested -> active):
  custom:video-decoder-ogg-theora: a1e56fd34408186e4bbccfd4996cb3dc -> 
  custom:container-muxer-webm: aa71ff27fc2769a1b78a27578f13a17b -> 
  custom:container-demuxer-webm: 4f35f7cbe854078d1ac9338744f61a02 -> 
  custom:video-encoder-webm-vp8: eb34c28f22e8b96e1ab97ce403110664 -> 
  custom:audio-encoder-webm-vorbis: bf7c407c2cedff20999df2af8eb42d56 -> 
  custom:framework-win-MediaFoundation: 216162199b28c13a410421893ffa2e32 -> 
  custom:container-demuxer-ogg: 62fdf1f143b41e24485cea50d1cbac27 -> 
  custom:video-decoder-webm-vp8: 9c59270c3fd7afecdb556c50c9e8de78 -> 
  custom:audio-decoder-ogg-vorbis: bf7c407c2cedff20999df2af8eb42d56 -> 
========================================================================
Received Prepare
Registering precompiled user dll's ...
Registered in 0.013943 seconds.
Begin MonoManager ReloadAssembly
Native extension for UWP target not found
Native extension for WindowsStandalone target not found
Native extension for Android target not found
Native extension for WebGL target not found
Refreshing native plugins compatible for Editor in 1.19 ms, found 12 plugins.
Preloading 0 native plugins for Editor in 0.00 ms.
Mono: successfully reloaded assembly
- Completed reload, in  1.576 seconds
Domain Reload Profiling:
	ReloadAssembly (1577ms)
		BeginReloadAssembly (149ms)
			ExecutionOrderSort (0ms)
			DisableScriptedObjects (6ms)
			BackupInstance (0ms)
			ReleaseScriptingObjects (0ms)
			CreateAndSetChildDomain (46ms)
		EndReloadAssembly (1320ms)
			LoadAssemblies (113ms)
			RebuildTransferFunctionScriptingTraits (0ms)
			SetupTypeCache (412ms)
			ReleaseScriptCaches (2ms)
			RebuildScriptCaches (91ms)
			SetupLoadedEditorAssemblies (601ms)
				LogAssemblyErrors (0ms)
				InitializePlatformSupportModulesInManaged (30ms)
				SetLoadedEditorAssemblies (0ms)
				RefreshPlugins (1ms)
				BeforeProcessingInitializeOnLoad (117ms)
				ProcessInitializeOnLoadAttributes (415ms)
				ProcessInitializeOnLoadMethodAttributes (31ms)
				AfterProcessingInitializeOnLoad (5ms)
				EditorAssembliesLoaded (0ms)
			ExecutionOrderSort2 (0ms)
			AwakeInstancesAfterBackupRestoration (6ms)
Platform modules already initialized, skipping
Refreshing native plugins compatible for Editor in 8.04 ms, found 12 plugins.
Preloading 0 native plugins for Editor in 0.00 ms.
Unloading 5387 Unused Serialized files (Serialized files now loaded: 0)
Unloading 38 unused Assets / (79.7 KB). Loaded Objects now: 5921.
Memory consumption went from 201.9 MB to 201.8 MB.
Total: 4.684800 ms (FindLiveObjects: 0.445400 ms CreateObjectMapping: 0.350500 ms MarkObjects: 3.786000 ms  DeleteObjects: 0.101600 ms)

AssetImportParameters requested are different than current active one (requested -> active):
  custom:video-decoder-ogg-theora: a1e56fd34408186e4bbccfd4996cb3dc -> 
  custom:container-muxer-webm: aa71ff27fc2769a1b78a27578f13a17b -> 
  custom:container-demuxer-webm: 4f35f7cbe854078d1ac9338744f61a02 -> 
  custom:video-encoder-webm-vp8: eb34c28f22e8b96e1ab97ce403110664 -> 
  custom:audio-encoder-webm-vorbis: bf7c407c2cedff20999df2af8eb42d56 -> 
  custom:framework-win-MediaFoundation: 216162199b28c13a410421893ffa2e32 -> 
  custom:container-demuxer-ogg: 62fdf1f143b41e24485cea50d1cbac27 -> 
  custom:video-decoder-webm-vp8: 9c59270c3fd7afecdb556c50c9e8de78 -> 
  custom:audio-decoder-ogg-vorbis: bf7c407c2cedff20999df2af8eb42d56 -> 
========================================================================
Received Prepare
Registering precompiled user dll's ...
Registered in 0.010767 seconds.
Begin MonoManager ReloadAssembly
Native extension for UWP target not found
Native extension for WindowsStandalone target not found
Native extension for Android target not found
Native extension for WebGL target not found
Refreshing native plugins compatible for Editor in 1.04 ms, found 12 plugins.
Preloading 0 native plugins for Editor in 0.00 ms.
Mono: successfully reloaded assembly
- Completed reload, in  1.244 seconds
Domain Reload Profiling:
	ReloadAssembly (1245ms)
		BeginReloadAssembly (134ms)
			ExecutionOrderSort (0ms)
			DisableScriptedObjects (5ms)
			BackupInstance (0ms)
			ReleaseScriptingObjects (0ms)
			CreateAndSetChildDomain (42ms)
		EndReloadAssembly (1002ms)
			LoadAssemblies (105ms)
			RebuildTransferFunctionScriptingTraits (0ms)
			SetupTypeCache (300ms)
			ReleaseScriptCaches (1ms)
			RebuildScriptCaches (49ms)
			SetupLoadedEditorAssemblies (496ms)
				LogAssemblyErrors (0ms)
				InitializePlatformSupportModulesInManaged (22ms)
				SetLoadedEditorAssemblies (1ms)
				RefreshPlugins (1ms)
				BeforeProcessingInitializeOnLoad (103ms)
				ProcessInitializeOnLoadAttributes (335ms)
				ProcessInitializeOnLoadMethodAttributes (29ms)
				AfterProcessingInitializeOnLoad (5ms)
				EditorAssembliesLoaded (0ms)
			ExecutionOrderSort2 (0ms)
			AwakeInstancesAfterBackupRestoration (6ms)
Platform modules already initialized, skipping
Refreshing native plugins compatible for Editor in 5.22 ms, found 12 plugins.
Preloading 0 native plugins for Editor in 0.00 ms.
Unloading 5387 Unused Serialized files (Serialized files now loaded: 0)
Unloading 38 unused Assets / (79.8 KB). Loaded Objects now: 5925.
Memory consumption went from 201.9 MB to 201.8 MB.
Total: 5.794600 ms (FindLiveObjects: 1.200600 ms CreateObjectMapping: 0.938100 ms MarkObjects: 3.558300 ms  DeleteObjects: 0.096400 ms)

AssetImportParameters requested are different than current active one (requested -> active):
  custom:video-decoder-ogg-theora: a1e56fd34408186e4bbccfd4996cb3dc -> 
  custom:container-muxer-webm: aa71ff27fc2769a1b78a27578f13a17b -> 
  custom:container-demuxer-webm: 4f35f7cbe854078d1ac9338744f61a02 -> 
  custom:video-encoder-webm-vp8: eb34c28f22e8b96e1ab97ce403110664 -> 
  custom:audio-encoder-webm-vorbis: bf7c407c2cedff20999df2af8eb42d56 -> 
  custom:framework-win-MediaFoundation: 216162199b28c13a410421893ffa2e32 -> 
  custom:container-demuxer-ogg: 62fdf1f143b41e24485cea50d1cbac27 -> 
  custom:video-decoder-webm-vp8: 9c59270c3fd7afecdb556c50c9e8de78 -> 
  custom:audio-decoder-ogg-vorbis: bf7c407c2cedff20999df2af8eb42d56 -> 
========================================================================
Received Prepare
Refreshing native plugins compatible for Editor in 14.38 ms, found 12 plugins.
Preloading 0 native plugins for Editor in 0.00 ms.
Unloading 38 Unused Serialized files (Serialized files now loaded: 0)
Unloading 38 unused Assets / (77.2 KB). Loaded Objects now: 5925.
Memory consumption went from 94.6 MB to 94.5 MB.
Total: 6.674100 ms (FindLiveObjects: 0.654400 ms CreateObjectMapping: 0.732900 ms MarkObjects: 5.137000 ms  DeleteObjects: 0.147800 ms)

AssetImportParameters requested are different than current active one (requested -> active):
  custom:video-decoder-ogg-theora: a1e56fd34408186e4bbccfd4996cb3dc -> 
  custom:container-muxer-webm: aa71ff27fc2769a1b78a27578f13a17b -> 
  custom:container-demuxer-webm: 4f35f7cbe854078d1ac9338744f61a02 -> 
  custom:video-encoder-webm-vp8: eb34c28f22e8b96e1ab97ce403110664 -> 
  custom:audio-encoder-webm-vorbis: bf7c407c2cedff20999df2af8eb42d56 -> 
  custom:framework-win-MediaFoundation: 216162199b28c13a410421893ffa2e32 -> 
  custom:container-demuxer-ogg: 62fdf1f143b41e24485cea50d1cbac27 -> 
  custom:video-decoder-webm-vp8: 9c59270c3fd7afecdb556c50c9e8de78 -> 
  custom:audio-decoder-ogg-vorbis: bf7c407c2cedff20999df2af8eb42d56 -> 
========================================================================
Received Prepare
Registering precompiled user dll's ...
Registered in 0.010578 seconds.
Begin MonoManager ReloadAssembly
Native extension for UWP target not found
Native extension for WindowsStandalone target not found
Native extension for Android target not found
Native extension for WebGL target not found
Refreshing native plugins compatible for Editor in 1.06 ms, found 12 plugins.
Preloading 0 native plugins for Editor in 0.00 ms.
Mono: successfully reloaded assembly
- Completed reload, in  1.224 seconds
Domain Reload Profiling:
	ReloadAssembly (1225ms)
		BeginReloadAssembly (134ms)
			ExecutionOrderSort (0ms)
			DisableScriptedObjects (4ms)
			BackupInstance (0ms)
			ReleaseScriptingObjects (0ms)
			CreateAndSetChildDomain (45ms)
		EndReloadAssembly (984ms)
			LoadAssemblies (103ms)
			RebuildTransferFunctionScriptingTraits (0ms)
			SetupTypeCache (299ms)
			ReleaseScriptCaches (2ms)
			RebuildScriptCaches (43ms)
			SetupLoadedEditorAssemblies (491ms)
				LogAssemblyErrors (0ms)
				InitializePlatformSupportModulesInManaged (21ms)
				SetLoadedEditorAssemblies (1ms)
				RefreshPlugins (1ms)
				BeforeProcessingInitializeOnLoad (90ms)
				ProcessInitializeOnLoadAttributes (344ms)
				ProcessInitializeOnLoadMethodAttributes (30ms)
				AfterProcessingInitializeOnLoad (5ms)
				EditorAssembliesLoaded (0ms)
			ExecutionOrderSort2 (0ms)
			AwakeInstancesAfterBackupRestoration (6ms)
Platform modules already initialized, skipping
Refreshing native plugins compatible for Editor in 8.54 ms, found 12 plugins.
Preloading 0 native plugins for Editor in 0.00 ms.
Unloading 5387 Unused Serialized files (Serialized files now loaded: 0)
Unloading 38 unused Assets / (79.8 KB). Loaded Objects now: 5929.
Memory consumption went from 201.9 MB to 201.8 MB.
Total: 4.085300 ms (FindLiveObjects: 0.464500 ms CreateObjectMapping: 0.427900 ms MarkObjects: 3.093900 ms  DeleteObjects: 0.097600 ms)

AssetImportParameters requested are different than current active one (requested -> active):
  custom:video-decoder-ogg-theora: a1e56fd34408186e4bbccfd4996cb3dc -> 
  custom:container-muxer-webm: aa71ff27fc2769a1b78a27578f13a17b -> 
  custom:container-demuxer-webm: 4f35f7cbe854078d1ac9338744f61a02 -> 
  custom:video-encoder-webm-vp8: eb34c28f22e8b96e1ab97ce403110664 -> 
  custom:audio-encoder-webm-vorbis: bf7c407c2cedff20999df2af8eb42d56 -> 
  custom:framework-win-MediaFoundation: 216162199b28c13a410421893ffa2e32 -> 
  custom:container-demuxer-ogg: 62fdf1f143b41e24485cea50d1cbac27 -> 
  custom:video-decoder-webm-vp8: 9c59270c3fd7afecdb556c50c9e8de78 -> 
  custom:audio-decoder-ogg-vorbis: bf7c407c2cedff20999df2af8eb42d56 -> 
========================================================================
Received Prepare
Registering precompiled user dll's ...
Registered in 0.011228 seconds.
Begin MonoManager ReloadAssembly
Native extension for UWP target not found
Native extension for WindowsStandalone target not found
Native extension for Android target not found
Native extension for WebGL target not found
Refreshing native plugins compatible for Editor in 1.02 ms, found 12 plugins.
Preloading 0 native plugins for Editor in 0.00 ms.
Mono: successfully reloaded assembly
- Completed reload, in  1.266 seconds
Domain Reload Profiling:
	ReloadAssembly (1267ms)
		BeginReloadAssembly (129ms)
			ExecutionOrderSort (0ms)
			DisableScriptedObjects (4ms)
			BackupInstance (0ms)
			ReleaseScriptingObjects (0ms)
			CreateAndSetChildDomain (40ms)
		EndReloadAssembly (1050ms)
			LoadAssemblies (92ms)
			RebuildTransferFunctionScriptingTraits (0ms)
			SetupTypeCache (272ms)
			ReleaseScriptCaches (1ms)
			RebuildScriptCaches (44ms)
			SetupLoadedEditorAssemblies (582ms)
				LogAssemblyErrors (0ms)
				InitializePlatformSupportModulesInManaged (20ms)
				SetLoadedEditorAssemblies (1ms)
				RefreshPlugins (1ms)
				BeforeProcessingInitializeOnLoad (90ms)
				ProcessInitializeOnLoadAttributes (417ms)
				ProcessInitializeOnLoadMethodAttributes (46ms)
				AfterProcessingInitializeOnLoad (6ms)
				EditorAssembliesLoaded (1ms)
			ExecutionOrderSort2 (0ms)
			AwakeInstancesAfterBackupRestoration (8ms)
Platform modules already initialized, skipping
Refreshing native plugins compatible for Editor in 12.92 ms, found 12 plugins.
Preloading 0 native plugins for Editor in 0.00 ms.
Unloading 5387 Unused Serialized files (Serialized files now loaded: 0)
Unloading 38 unused Assets / (79.9 KB). Loaded Objects now: 5933.
Memory consumption went from 201.9 MB to 201.8 MB.
Total: 5.840700 ms (FindLiveObjects: 0.902500 ms CreateObjectMapping: 0.715000 ms MarkObjects: 4.089900 ms  DeleteObjects: 0.130600 ms)

AssetImportParameters requested are different than current active one (requested -> active):
  custom:video-decoder-ogg-theora: a1e56fd34408186e4bbccfd4996cb3dc -> 
  custom:container-muxer-webm: aa71ff27fc2769a1b78a27578f13a17b -> 
  custom:container-demuxer-webm: 4f35f7cbe854078d1ac9338744f61a02 -> 
  custom:video-encoder-webm-vp8: eb34c28f22e8b96e1ab97ce403110664 -> 
  custom:audio-encoder-webm-vorbis: bf7c407c2cedff20999df2af8eb42d56 -> 
  custom:framework-win-MediaFoundation: 216162199b28c13a410421893ffa2e32 -> 
  custom:container-demuxer-ogg: 62fdf1f143b41e24485cea50d1cbac27 -> 
  custom:video-decoder-webm-vp8: 9c59270c3fd7afecdb556c50c9e8de78 -> 
  custom:audio-decoder-ogg-vorbis: bf7c407c2cedff20999df2af8eb42d56 -> 
========================================================================
Received Import Request.
  Time since last request: 535.537678 seconds.
  path: Assets/Prefabs/Sprite.prefab
  artifactKey: Guid(41cc72b6eb3114588888b60c9cd0a253) Importer(815301076,1909f56bfc062723c751e8b465ee728b)
Start importing Assets/Prefabs/Sprite.prefab using Guid(41cc72b6eb3114588888b60c9cd0a253) Importer(815301076,1909f56bfc062723c751e8b465ee728b)  -> (artifact id: '63792d8623440d2be73c6b33d2fb7a87') in 0.112555 seconds 
========================================================================
Received Import Request.
  Time since last request: 16.316138 seconds.
  path: Assets/MixedRealityToolkit.Generated/ProjectPreferences.asset
  artifactKey: Guid(4ba644097dc4be14888adb3e2821c727) Importer(815301076,1909f56bfc062723c751e8b465ee728b)
Start importing Assets/MixedRealityToolkit.Generated/ProjectPreferences.asset using Guid(4ba644097dc4be14888adb3e2821c727) Importer(815301076,1909f56bfc062723c751e8b465ee728b)  -> (artifact id: '056d096f4935bff81797a2e353db8dd9') in 0.019849 seconds 
========================================================================
Received Import Request.
  Time since last request: 2.555458 seconds.
  path: Assets/MixedRealityToolkit.Generated/CustomProfiles/New SpatialObjectMeshObserverProfile.asset
  artifactKey: Guid(f6561f5ec90b0e74083ff4a38cb639ac) Importer(815301076,1909f56bfc062723c751e8b465ee728b)
Start importing Assets/MixedRealityToolkit.Generated/CustomProfiles/New SpatialObjectMeshObserverProfile.asset using Guid(f6561f5ec90b0e74083ff4a38cb639ac) Importer(815301076,1909f56bfc062723c751e8b465ee728b)  -> (artifact id: '7aaa6959611fa98ce53231146e15976a') in 0.037028 seconds 
========================================================================
Received Import Request.
  Time since last request: 4.260921 seconds.
  path: Assets/MRTK/Shaders
  artifactKey: Guid(493c6881eef4f7940b0cf4c4bd433198) Importer(815301076,1909f56bfc062723c751e8b465ee728b)
Start importing Assets/MRTK/Shaders using Guid(493c6881eef4f7940b0cf4c4bd433198) Importer(815301076,1909f56bfc062723c751e8b465ee728b)  -> (artifact id: 'd2df8abf4b645a5eaf5635f8bab729f9') in 0.008227 seconds 
========================================================================
Received Import Request.
  Time since last request: 0.051717 seconds.
  path: Assets/MRTK/Shaders/MixedRealityShaderUtils.cginc
  artifactKey: Guid(dfab24eea71ce3745be340d7a24fe8eb) Importer(815301076,1909f56bfc062723c751e8b465ee728b)
Start importing Assets/MRTK/Shaders/MixedRealityShaderUtils.cginc using Guid(dfab24eea71ce3745be340d7a24fe8eb) Importer(815301076,1909f56bfc062723c751e8b465ee728b)  -> (artifact id: 'ab5c2a9e25462dacb5f735fa4db3aef2') in 0.026128 seconds 
========================================================================
Received Import Request.
  Time since last request: 15.206950 seconds.
  path: Packages/com.microsoft.mixedreality.toolkit.foundation/package.json
  artifactKey: Guid(07675bcd31d98194486b2fea188bcc6b) Importer(815301076,1909f56bfc062723c751e8b465ee728b)
Start importing Packages/com.microsoft.mixedreality.toolkit.foundation/package.json using Guid(07675bcd31d98194486b2fea188bcc6b) Importer(815301076,1909f56bfc062723c751e8b465ee728b)  -> (artifact id: 'c964f2d42a10784e785c9fcbcf2daac6') in 0.073167 seconds 
========================================================================
Received Import Request.
  Time since last request: 2.758240 seconds.
  path: Packages/com.microsoft.mixedreality.toolkit.foundation/SDK
  artifactKey: Guid(3757e34bc1fa460892b4e2bc9fd47e1e) Importer(815301076,1909f56bfc062723c751e8b465ee728b)
Start importing Packages/com.microsoft.mixedreality.toolkit.foundation/SDK using Guid(3757e34bc1fa460892b4e2bc9fd47e1e) Importer(815301076,1909f56bfc062723c751e8b465ee728b)  -> (artifact id: '814d8053d92ef1fd37459de7be99ac7d') in 0.007596 seconds 
========================================================================
Received Import Request.
  Time since last request: 0.110770 seconds.
  path: Packages/com.microsoft.mixedreality.toolkit.foundation/SDK/MRTK.SDK.asmdef
  artifactKey: Guid(8b7cc3e86d77403b8b984c08cbaeaf8f) Importer(815301076,1909f56bfc062723c751e8b465ee728b)
Start importing Packages/com.microsoft.mixedreality.toolkit.foundation/SDK/MRTK.SDK.asmdef using Guid(8b7cc3e86d77403b8b984c08cbaeaf8f) Importer(815301076,1909f56bfc062723c751e8b465ee728b)  -> (artifact id: 'f6657ef3f54a240f11de8bb3249ef965') in 0.009276 seconds 
========================================================================
Received Import Request.
  Time since last request: 3.204353 seconds.
  path: Packages/com.microsoft.mixedreality.toolkit.foundation/SDK/Features
  artifactKey: Guid(25bdfaac8e9b4a0d8f341b415322f1c0) Importer(815301076,1909f56bfc062723c751e8b465ee728b)
Start importing Packages/com.microsoft.mixedreality.toolkit.foundation/SDK/Features using Guid(25bdfaac8e9b4a0d8f341b415322f1c0) Importer(815301076,1909f56bfc062723c751e8b465ee728b)  -> (artifact id: '505a73c56feeb7ed2b7ecf97618da2b1') in 0.008344 seconds 
========================================================================
Received Import Request.
  Time since last request: 2.890540 seconds.
  path: Packages/com.microsoft.mixedreality.toolkit.foundation/SDK/Features/UX
  artifactKey: Guid(26b56a78eb2f4b84b34ac290003f6869) Importer(815301076,1909f56bfc062723c751e8b465ee728b)
Start importing Packages/com.microsoft.mixedreality.toolkit.foundation/SDK/Features/UX using Guid(26b56a78eb2f4b84b34ac290003f6869) Importer(815301076,1909f56bfc062723c751e8b465ee728b)  -> (artifact id: '3d3262d041dfe1229e3095c2f1bb96fb') in 0.010417 seconds 
========================================================================
Received Import Request.
  Time since last request: 3.364863 seconds.
  path: Packages/com.microsoft.mixedreality.toolkit.foundation/SDK/Features/UX/Interactable
  artifactKey: Guid(4004ff108cc905e40b4716f0e85438af) Importer(815301076,1909f56bfc062723c751e8b465ee728b)
Start importing Packages/com.microsoft.mixedreality.toolkit.foundation/SDK/Features/UX/Interactable using Guid(4004ff108cc905e40b4716f0e85438af) Importer(815301076,1909f56bfc062723c751e8b465ee728b)  -> (artifact id: '9eff94110c74b1a779625f6e23b6f611') in 0.010359 seconds 
========================================================================
Received Import Request.
  Time since last request: 3.301163 seconds.
  path: Packages/com.microsoft.mixedreality.toolkit.foundation/SDK/Features/UX/Interactable/Models
  artifactKey: Guid(fd72de110d1b746489b2c709309d8dab) Importer(815301076,1909f56bfc062723c751e8b465ee728b)
Start importing Packages/com.microsoft.mixedreality.toolkit.foundation/SDK/Features/UX/Interactable/Models using Guid(fd72de110d1b746489b2c709309d8dab) Importer(815301076,1909f56bfc062723c751e8b465ee728b)  -> (artifact id: '1777ffb1d4907b1c7fa7e63fd4c4d518') in 0.007207 seconds 
========================================================================
Received Import Request.
  Time since last request: 0.145999 seconds.
  path: Packages/com.microsoft.mixedreality.toolkit.foundation/SDK/Features/UX/Interactable/Models/InteractableAssets.FBX
  artifactKey: Guid(3d93f7219bba0634a9ee26865f9d6a3c) Importer(815301076,1909f56bfc062723c751e8b465ee728b)
Start importing Packages/com.microsoft.mixedreality.toolkit.foundation/SDK/Features/UX/Interactable/Models/InteractableAssets.FBX using Guid(3d93f7219bba0634a9ee26865f9d6a3c) Importer(815301076,1909f56bfc062723c751e8b465ee728b)  -> (artifact id: 'd23227c418a3be11b5fbb1e3d1f043d0') in 0.127599 seconds 
========================================================================
Received Import Request.
  Time since last request: 11.393810 seconds.
  path: Packages/com.microsoft.mixedreality.toolkit.foundation/SDK/Features/UX/Interactable/Prefabs
  artifactKey: Guid(d5c2559616edcb14a8f70b01636b7ccb) Importer(815301076,1909f56bfc062723c751e8b465ee728b)
Start importing Packages/com.microsoft.mixedreality.toolkit.foundation/SDK/Features/UX/Interactable/Prefabs using Guid(d5c2559616edcb14a8f70b01636b7ccb) Importer(815301076,1909f56bfc062723c751e8b465ee728b)  -> (artifact id: '9ecc9848169d730904735119c885a7fb') in 0.010788 seconds 
========================================================================
Received Import Request.
  Time since last request: 0.033220 seconds.
  path: Packages/com.microsoft.mixedreality.toolkit.foundation/SDK/Features/UX/Interactable/Prefabs/AnimationButton.prefab
  artifactKey: Guid(d5e0e8cc740eb134789fd1f6bb5bb80a) Importer(815301076,1909f56bfc062723c751e8b465ee728b)
Start importing Packages/com.microsoft.mixedreality.toolkit.foundation/SDK/Features/UX/Interactable/Prefabs/AnimationButton.prefab using Guid(d5e0e8cc740eb134789fd1f6bb5bb80a) Importer(815301076,1909f56bfc062723c751e8b465ee728b)  -> (artifact id: 'a6e33448f0581f8cbf536d18b1d713dd') in 0.182875 seconds 
========================================================================
Received Import Request.
  Time since last request: 0.000019 seconds.
  path: Packages/com.microsoft.mixedreality.toolkit.foundation/SDK/Features/UX/Interactable/Prefabs/PressableButtonHoloLens2Bar4H.prefab
  artifactKey: Guid(0e3f094e4aaceeb44b70aa90ed66c548) Importer(815301076,1909f56bfc062723c751e8b465ee728b)
Start importing Packages/com.microsoft.mixedreality.toolkit.foundation/SDK/Features/UX/Interactable/Prefabs/PressableButtonHoloLens2Bar4H.prefab using Guid(0e3f094e4aaceeb44b70aa90ed66c548) Importer(815301076,1909f56bfc062723c751e8b465ee728b)  -> (artifact id: '97ded009c1983bd4078e2454ccc7345b') in 0.306739 seconds 
========================================================================
Received Import Request.
  Time since last request: 0.000044 seconds.
  path: Packages/com.microsoft.mixedreality.toolkit.foundation/SDK/Features/UX/Interactable/Prefabs/PressableButtonHoloLens2Bar4V.prefab
  artifactKey: Guid(9db3c1f5a57fb2b40ae4b085f123abfe) Importer(815301076,1909f56bfc062723c751e8b465ee728b)
Start importing Packages/com.microsoft.mixedreality.toolkit.foundation/SDK/Features/UX/Interactable/Prefabs/PressableButtonHoloLens2Bar4V.prefab using Guid(9db3c1f5a57fb2b40ae4b085f123abfe) Importer(815301076,1909f56bfc062723c751e8b465ee728b)  -> (artifact id: '0c5296db4b2912f0856e4489db619544') in 0.055106 seconds 
========================================================================
Received Import Request.
  Time since last request: 0.000021 seconds.
  path: Packages/com.microsoft.mixedreality.toolkit.foundation/SDK/Features/UX/Interactable/Prefabs/PressableButtonHoloLens2.prefab
  artifactKey: Guid(3f1f46cbecbe08e46a303ccfdb5b498a) Importer(815301076,1909f56bfc062723c751e8b465ee728b)
Start importing Packages/com.microsoft.mixedreality.toolkit.foundation/SDK/Features/UX/Interactable/Prefabs/PressableButtonHoloLens2.prefab using Guid(3f1f46cbecbe08e46a303ccfdb5b498a) Importer(815301076,1909f56bfc062723c751e8b465ee728b)  -> (artifact id: 'baaec991719d029759280914297e3d76') in 0.042753 seconds 
========================================================================
Received Import Request.
  Time since last request: 0.000032 seconds.
  path: Packages/com.microsoft.mixedreality.toolkit.foundation/SDK/Features/UX/Interactable/Prefabs/PressableButtonHoloLens2Circular_40x40.prefab
  artifactKey: Guid(098045f979bd74d4eab6d1e0ca21bdc8) Importer(815301076,1909f56bfc062723c751e8b465ee728b)
Start importing Packages/com.microsoft.mixedreality.toolkit.foundation/SDK/Features/UX/Interactable/Prefabs/PressableButtonHoloLens2Circular_40x40.prefab using Guid(098045f979bd74d4eab6d1e0ca21bdc8) Importer(815301076,1909f56bfc062723c751e8b465ee728b)  -> (artifact id: '11da60224c93e20f050dac889be28bcd') in 0.162160 seconds 
========================================================================
Received Import Request.
  Time since last request: 0.000029 seconds.
  path: Packages/com.microsoft.mixedreality.toolkit.foundation/SDK/Features/UX/Interactable/Prefabs/PressableButtonHoloLens2TextOnly_48x48.prefab
  artifactKey: Guid(daa0726e9f4321044bc455f2849304f1) Importer(815301076,1909f56bfc062723c751e8b465ee728b)
Start importing Packages/com.microsoft.mixedreality.toolkit.foundation/SDK/Features/UX/Interactable/Prefabs/PressableButtonHoloLens2TextOnly_48x48.prefab using Guid(daa0726e9f4321044bc455f2849304f1) Importer(815301076,1909f56bfc062723c751e8b465ee728b)  -> (artifact id: '7031e3c609e7d15bacc210188875105f') in 0.049160 seconds 
========================================================================
Received Import Request.
  Time since last request: 0.000039 seconds.
  path: Packages/com.microsoft.mixedreality.toolkit.foundation/SDK/Features/UX/Interactable/Prefabs/PressableButtonHoloLens2_32x96_NoLabel.prefab
  artifactKey: Guid(eb36a4319b6be77409716f5a41e6da51) Importer(815301076,1909f56bfc062723c751e8b465ee728b)
Start importing Packages/com.microsoft.mixedreality.toolkit.foundation/SDK/Features/UX/Interactable/Prefabs/PressableButtonHoloLens2_32x96_NoLabel.prefab using Guid(eb36a4319b6be77409716f5a41e6da51) Importer(815301076,1909f56bfc062723c751e8b465ee728b)  -> (artifact id: 'd12fe19771ccb88fdac04ffc4dfdabd6') in 0.052937 seconds 
========================================================================
Received Import Request.
  Time since last request: 0.000024 seconds.
  path: Packages/com.microsoft.mixedreality.toolkit.foundation/SDK/Features/UX/Interactable/Prefabs/PressableButtonHoloLens2Bar5V.prefab
  artifactKey: Guid(940a822addfc898428785af1d4b0220b) Importer(815301076,1909f56bfc062723c751e8b465ee728b)
Start importing Packages/com.microsoft.mixedreality.toolkit.foundation/SDK/Features/UX/Interactable/Prefabs/PressableButtonHoloLens2Bar5V.prefab using Guid(940a822addfc898428785af1d4b0220b) Importer(815301076,1909f56bfc062723c751e8b465ee728b)  -> (artifact id: '830a16cb03d385bbbf42812183d95d82') in 0.069298 seconds 
========================================================================
Received Import Request.
  Time since last request: 0.000022 seconds.
  path: Packages/com.microsoft.mixedreality.toolkit.foundation/SDK/Features/UX/Interactable/Prefabs/PressableButtonHoloLens2_Dwell.prefab
  artifactKey: Guid(343baf424cf9521478e8c308bc456039) Importer(815301076,1909f56bfc062723c751e8b465ee728b)
Start importing Packages/com.microsoft.mixedreality.toolkit.foundation/SDK/Features/UX/Interactable/Prefabs/PressableButtonHoloLens2_Dwell.prefab using Guid(343baf424cf9521478e8c308bc456039) Importer(815301076,1909f56bfc062723c751e8b465ee728b)  -> (artifact id: '91826c1fc5239c2caa5e2722549d8220') in 0.107437 seconds 
========================================================================
Received Import Request.
  Time since last request: 0.000028 seconds.
  path: Packages/com.microsoft.mixedreality.toolkit.foundation/SDK/Features/UX/Interactable/Prefabs/PressableButtonHoloLens2_48x48.prefab
  artifactKey: Guid(36ff76a9e7929f342915274725573e00) Importer(815301076,1909f56bfc062723c751e8b465ee728b)
Start importing Packages/com.microsoft.mixedreality.toolkit.foundation/SDK/Features/UX/Interactable/Prefabs/PressableButtonHoloLens2_48x48.prefab using Guid(36ff76a9e7929f342915274725573e00) Importer(815301076,1909f56bfc062723c751e8b465ee728b)  -> (artifact id: '1c74be2b17cf7ff3d9da8ad08d1d3a7e') in 0.051689 seconds 
========================================================================
Received Import Request.
  Time since last request: 0.000030 seconds.
  path: Packages/com.microsoft.mixedreality.toolkit.foundation/SDK/Features/UX/Interactable/Prefabs/PressableButtonHoloLens2TextOnly2Lines_48x96.prefab
  artifactKey: Guid(2b24e62044768b647ba4ca47188454a9) Importer(815301076,1909f56bfc062723c751e8b465ee728b)
Start importing Packages/com.microsoft.mixedreality.toolkit.foundation/SDK/Features/UX/Interactable/Prefabs/PressableButtonHoloLens2TextOnly2Lines_48x96.prefab using Guid(2b24e62044768b647ba4ca47188454a9) Importer(815301076,1909f56bfc062723c751e8b465ee728b)  -> (artifact id: '59a8fdc444cc14449b9028347c270526') in 0.047643 seconds 
========================================================================
Received Import Request.
  Time since last request: 0.000024 seconds.
  path: Packages/com.microsoft.mixedreality.toolkit.foundation/SDK/Features/UX/Interactable/Prefabs/PressableButtonHoloLens2TextOnlyNumber_48x48.prefab
  artifactKey: Guid(33a8bc5dbea86e34583d3c38840a822d) Importer(815301076,1909f56bfc062723c751e8b465ee728b)
Start importing Packages/com.microsoft.mixedreality.toolkit.foundation/SDK/Features/UX/Interactable/Prefabs/PressableButtonHoloLens2TextOnlyNumber_48x48.prefab using Guid(33a8bc5dbea86e34583d3c38840a822d) Importer(815301076,1909f56bfc062723c751e8b465ee728b)  -> (artifact id: '628497180b89f2ae9e5b90d375ed6053') in 0.054829 seconds 
========================================================================
Received Import Request.
  Time since last request: 0.000022 seconds.
  path: Packages/com.microsoft.mixedreality.toolkit.foundation/SDK/Features/UX/Interactable/Prefabs/CheckBox.prefab
  artifactKey: Guid(6f89876ff9050224f949c0490969219d) Importer(815301076,1909f56bfc062723c751e8b465ee728b)
Start importing Packages/com.microsoft.mixedreality.toolkit.foundation/SDK/Features/UX/Interactable/Prefabs/CheckBox.prefab using Guid(6f89876ff9050224f949c0490969219d) Importer(815301076,1909f56bfc062723c751e8b465ee728b)  -> (artifact id: '0e1ae95ebdddf57b77d1457fc955ae54') in 0.083490 seconds 
========================================================================
Received Import Request.
  Time since last request: 0.000029 seconds.
  path: Packages/com.microsoft.mixedreality.toolkit.foundation/SDK/Features/UX/Interactable/Prefabs/PressableButtonHoloLens2Bar5H.prefab
  artifactKey: Guid(a0fcbf4c54a45dd46b279c4cb162b917) Importer(815301076,1909f56bfc062723c751e8b465ee728b)
Start importing Packages/com.microsoft.mixedreality.toolkit.foundation/SDK/Features/UX/Interactable/Prefabs/PressableButtonHoloLens2Bar5H.prefab using Guid(a0fcbf4c54a45dd46b279c4cb162b917) Importer(815301076,1909f56bfc062723c751e8b465ee728b)  -> (artifact id: 'c32ab13ebb0983f39f14fcc825ad8438') in 0.058026 seconds 
========================================================================
Received Import Request.
  Time since last request: 0.000032 seconds.
  path: Packages/com.microsoft.mixedreality.toolkit.foundation/SDK/Features/UX/Interactable/Prefabs/PressableButtonHoloLens2TextOnly4Lines_48x96.prefab
  artifactKey: Guid(8e9607bc5dcaf684db874e9b032d5d89) Importer(815301076,1909f56bfc062723c751e8b465ee728b)
Start importing Packages/com.microsoft.mixedreality.toolkit.foundation/SDK/Features/UX/Interactable/Prefabs/PressableButtonHoloLens2TextOnly4Lines_48x96.prefab using Guid(8e9607bc5dcaf684db874e9b032d5d89) Importer(815301076,1909f56bfc062723c751e8b465ee728b)  -> (artifact id: 'e74b9f8c186e5b0713c2a5442878308e') in 0.051430 seconds 
========================================================================
Received Import Request.
  Time since last request: 0.000023 seconds.
  path: Packages/com.microsoft.mixedreality.toolkit.foundation/SDK/Features/UX/Interactable/Prefabs/PressableButtonHoloLens2Toggle_32x96_Dwell.prefab
  artifactKey: Guid(50469ebdb56a73345a8d145b7acfd0cc) Importer(815301076,1909f56bfc062723c751e8b465ee728b)
Start importing Packages/com.microsoft.mixedreality.toolkit.foundation/SDK/Features/UX/Interactable/Prefabs/PressableButtonHoloLens2Toggle_32x96_Dwell.prefab using Guid(50469ebdb56a73345a8d145b7acfd0cc) Importer(815301076,1909f56bfc062723c751e8b465ee728b)  -> (artifact id: '908f7a1070169082a4b9351cfe0ae1ae') in 0.055486 seconds 
========================================================================
Received Import Request.
  Time since last request: 0.000022 seconds.
  path: Packages/com.microsoft.mixedreality.toolkit.foundation/SDK/Features/UX/Interactable/Prefabs/PressableButtonHoloLens2Toggle.prefab
  artifactKey: Guid(64790b91b91094d49942373c4e83c237) Importer(815301076,1909f56bfc062723c751e8b465ee728b)
Start importing Packages/com.microsoft.mixedreality.toolkit.foundation/SDK/Features/UX/Interactable/Prefabs/PressableButtonHoloLens2Toggle.prefab using Guid(64790b91b91094d49942373c4e83c237) Importer(815301076,1909f56bfc062723c751e8b465ee728b)  -> (artifact id: '16c7d30c77ae1900435886655bd07886') in 0.053578 seconds 
========================================================================
Received Import Request.
  Time since last request: 0.000026 seconds.
  path: Packages/com.microsoft.mixedreality.toolkit.foundation/SDK/Features/UX/Interactable/Prefabs/PressableButtonHoloLens2_56x56.prefab
  artifactKey: Guid(4e7abe5a6db0abc43be532eead7ba806) Importer(815301076,1909f56bfc062723c751e8b465ee728b)
Start importing Packages/com.microsoft.mixedreality.toolkit.foundation/SDK/Features/UX/Interactable/Prefabs/PressableButtonHoloLens2_56x56.prefab using Guid(4e7abe5a6db0abc43be532eead7ba806) Importer(815301076,1909f56bfc062723c751e8b465ee728b)  -> (artifact id: '4a8a81ca00ee7e914def5ff91d9613ac') in 0.045192 seconds 
========================================================================
Received Import Request.
  Time since last request: 0.000029 seconds.
  path: Packages/com.microsoft.mixedreality.toolkit.foundation/SDK/Features/UX/Interactable/Prefabs/PressableButtonHoloLens2Circular_32x32.prefab
  artifactKey: Guid(e1e3746d5067a614683084937319e0ba) Importer(815301076,1909f56bfc062723c751e8b465ee728b)
Start importing Packages/com.microsoft.mixedreality.toolkit.foundation/SDK/Features/UX/Interactable/Prefabs/PressableButtonHoloLens2Circular_32x32.prefab using Guid(e1e3746d5067a614683084937319e0ba) Importer(815301076,1909f56bfc062723c751e8b465ee728b)  -> (artifact id: '8a8d337d54248ae8a118e0ae8a7c5d95') in 0.051155 seconds 
========================================================================
Received Import Request.
  Time since last request: 0.000031 seconds.
  path: Packages/com.microsoft.mixedreality.toolkit.foundation/SDK/Features/UX/Interactable/Prefabs/PressableButtonHoloLens2_32x96.prefab
  artifactKey: Guid(4f44c0d070528944c9bff425c6932763) Importer(815301076,1909f56bfc062723c751e8b465ee728b)
Start importing Packages/com.microsoft.mixedreality.toolkit.foundation/SDK/Features/UX/Interactable/Prefabs/PressableButtonHoloLens2_32x96.prefab using Guid(4f44c0d070528944c9bff425c6932763) Importer(815301076,1909f56bfc062723c751e8b465ee728b)  -> (artifact id: '8ba63159091f064e5094b43c661989ff') in 0.048347 seconds 
========================================================================
Received Import Request.
  Time since last request: 3.406862 seconds.
  path: Packages/com.microsoft.mixedreality.toolkit.foundation/SDK/Features/UX/Interactable/Prefabs/PressableButtonHoloLens2ToggleSwitch_32x96.prefab
  artifactKey: Guid(f1dfa3ff1f171964fa0717ff4d0131cb) Importer(815301076,1909f56bfc062723c751e8b465ee728b)
Start importing Packages/com.microsoft.mixedreality.toolkit.foundation/SDK/Features/UX/Interactable/Prefabs/PressableButtonHoloLens2ToggleSwitch_32x96.prefab using Guid(f1dfa3ff1f171964fa0717ff4d0131cb) Importer(815301076,1909f56bfc062723c751e8b465ee728b)  -> (artifact id: '7dd3cfa251fa40dc647edd2521d3f4e6') in 0.069480 seconds 
========================================================================
Received Import Request.
  Time since last request: 0.000029 seconds.
  path: Packages/com.microsoft.mixedreality.toolkit.foundation/SDK/Features/UX/Interactable/Prefabs/ToggleButton.prefab
  artifactKey: Guid(51cc6641d88b49d46bd38572540efe6c) Importer(815301076,1909f56bfc062723c751e8b465ee728b)
Start importing Packages/com.microsoft.mixedreality.toolkit.foundation/SDK/Features/UX/Interactable/Prefabs/ToggleButton.prefab using Guid(51cc6641d88b49d46bd38572540efe6c) Importer(815301076,1909f56bfc062723c751e8b465ee728b)  -> (artifact id: '6c82ae13c1089967d0ac550ffa8a3bc2') in 0.047203 seconds 
========================================================================
Received Import Request.
  Time since last request: 0.000028 seconds.
  path: Packages/com.microsoft.mixedreality.toolkit.foundation/SDK/Features/UX/Interactable/Prefabs/PressableButtonUnityUI.prefab
  artifactKey: Guid(df89e360642c6fc46abbc1c2656856f6) Importer(815301076,1909f56bfc062723c751e8b465ee728b)
Start importing Packages/com.microsoft.mixedreality.toolkit.foundation/SDK/Features/UX/Interactable/Prefabs/PressableButtonUnityUI.prefab using Guid(df89e360642c6fc46abbc1c2656856f6) Importer(815301076,1909f56bfc062723c751e8b465ee728b)  -> (artifact id: '5eac66e15201945cdf3bb4196b5788f6') in 0.028645 seconds 
========================================================================
Received Import Request.
  Time since last request: 0.000024 seconds.
  path: Packages/com.microsoft.mixedreality.toolkit.foundation/SDK/Features/UX/Interactable/Prefabs/ToggleSwitch.prefab
  artifactKey: Guid(a0dc4a34875700c4aba845405dc43a89) Importer(815301076,1909f56bfc062723c751e8b465ee728b)
Start importing Packages/com.microsoft.mixedreality.toolkit.foundation/SDK/Features/UX/Interactable/Prefabs/ToggleSwitch.prefab using Guid(a0dc4a34875700c4aba845405dc43a89) Importer(815301076,1909f56bfc062723c751e8b465ee728b)  -> (artifact id: 'b6ca2435baab20d003a306b3385f3e6f') in 0.128670 seconds 
Editor requested this worker to shutdown with reason: Scaling down because of idle timeout
AssetImportWorker is now disconnected from the server
Process exiting
Exiting without the bug reporter. Application will terminate with return code 0