Using pre-set license
Built from '2021.3/staging' branch; Version is '2021.3.4f1 (cb45f9cae8b7) revision 13321721'; Using compiler version '192829333'; Build Type 'Release'
OS: 'Windows 10  (10.0.17763) 64bit EnterpriseS' Language: 'en' Physical Memory: 16254 MB
BatchMode: 1, IsHumanControllingUs: 0, StartBugReporterOnCrash: 0, Is64bit: 1, IsPro: 1

COMMAND LINE ARGUMENTS:
C:\Program Files\Unity\Hub\Editor\2021.3.4f1\Editor\Unity.exe
-adb2
-batchMode
-noUpm
-name
AssetImportWorker0
-projectPath
C:/Users/Admin/parkinsonsHololens
-logFile
Logs/AssetImportWorker0.log
-srvPort
54426
Successfully changed project path to: C:/Users/Admin/parkinsonsHololens
C:/Users/Admin/parkinsonsHololens
[UnityMemory] Configuration Parameters - Can be set up in boot.config
    "memorysetup-bucket-allocator-granularity=16"
    "memorysetup-bucket-allocator-bucket-count=8"
    "memorysetup-bucket-allocator-block-size=33554432"
    "memorysetup-bucket-allocator-block-count=8"
    "memorysetup-main-allocator-block-size=16777216"
    "memorysetup-thread-allocator-block-size=16777216"
    "memorysetup-gfx-main-allocator-block-size=16777216"
    "memorysetup-gfx-thread-allocator-block-size=16777216"
    "memorysetup-cache-allocator-block-size=4194304"
    "memorysetup-typetree-allocator-block-size=2097152"
    "memorysetup-profiler-bucket-allocator-granularity=16"
    "memorysetup-profiler-bucket-allocator-bucket-count=8"
    "memorysetup-profiler-bucket-allocator-block-size=33554432"
    "memorysetup-profiler-bucket-allocator-block-count=8"
    "memorysetup-profiler-allocator-block-size=16777216"
    "memorysetup-profiler-editor-allocator-block-size=1048576"
    "memorysetup-temp-allocator-size-main=16777216"
    "memorysetup-job-temp-allocator-block-size=2097152"
    "memorysetup-job-temp-allocator-block-size-background=1048576"
    "memorysetup-job-temp-allocator-reduction-small-platforms=262144"
    "memorysetup-temp-allocator-size-background-worker=32768"
    "memorysetup-temp-allocator-size-job-worker=262144"
    "memorysetup-temp-allocator-size-preload-manager=33554432"
    "memorysetup-temp-allocator-size-nav-mesh-worker=65536"
    "memorysetup-temp-allocator-size-audio-worker=65536"
    "memorysetup-temp-allocator-size-cloud-worker=32768"
    "memorysetup-temp-allocator-size-gi-baking-worker=262144"
    "memorysetup-temp-allocator-size-gfx=262144"
Refreshing native plugins compatible for Editor in 116.63 ms, found 12 plugins.
Preloading 0 native plugins for Editor in 0.00 ms.
Initialize engine version: 2021.3.4f1 (cb45f9cae8b7)
[Subsystems] Discovering subsystems at path C:/Program Files/Unity/Hub/Editor/2021.3.4f1/Editor/Data/Resources/UnitySubsystems
[Subsystems] Discovering subsystems at path C:/Users/Admin/parkinsonsHololens/Assets
GfxDevice: creating device client; threaded=0; jobified=0
Direct3D:
    Version:  Direct3D 11.0 [level 11.1]
    Renderer: Intel(R) UHD Graphics 630 (ID=0x3e92)
    Vendor:   Intel
    VRAM:     8127 MB
    Driver:   25.20.100.6374
Initialize mono
Mono path[0] = 'C:/Program Files/Unity/Hub/Editor/2021.3.4f1/Editor/Data/Managed'
Mono path[1] = 'C:/Program Files/Unity/Hub/Editor/2021.3.4f1/Editor/Data/MonoBleedingEdge/lib/mono/unityjit-win32'
Mono config path = 'C:/Program Files/Unity/Hub/Editor/2021.3.4f1/Editor/Data/MonoBleedingEdge/etc'
Using monoOptions --debugger-agent=transport=dt_socket,embedding=1,server=y,suspend=n,address=127.0.0.1:56304
Begin MonoManager ReloadAssembly
Registering precompiled unity dll's ...
Register platform support module: C:/Program Files/Unity/Hub/Editor/2021.3.4f1/Editor/Data/PlaybackEngines/WebGLSupport/UnityEditor.WebGL.Extensions.dll
Register platform support module: C:/Program Files/Unity/Hub/Editor/2021.3.4f1/Editor/Data/PlaybackEngines/AndroidPlayer/UnityEditor.Android.Extensions.dll
Register platform support module: C:/Program Files/Unity/Hub/Editor/2021.3.4f1/Editor/Data/PlaybackEngines/WindowsStandaloneSupport/UnityEditor.WindowsStandalone.Extensions.dll
Register platform support module: C:/Program Files/Unity/Hub/Editor/2021.3.4f1/Editor/Data/PlaybackEngines/MetroSupport/UnityEditor.UWP.Extensions.dll
Registered in 0.005443 seconds.
Native extension for UWP target not found
Native extension for WindowsStandalone target not found
Native extension for Android target not found
Native extension for WebGL target not found
Refreshing native plugins compatible for Editor in 107.69 ms, found 12 plugins.
Preloading 0 native plugins for Editor in 0.00 ms.
Mono: successfully reloaded assembly
- Completed reload, in  0.623 seconds
Domain Reload Profiling:
	ReloadAssembly (623ms)
		BeginReloadAssembly (64ms)
			ExecutionOrderSort (0ms)
			DisableScriptedObjects (0ms)
			BackupInstance (0ms)
			ReleaseScriptingObjects (0ms)
			CreateAndSetChildDomain (1ms)
		EndReloadAssembly (464ms)
			LoadAssemblies (63ms)
			RebuildTransferFunctionScriptingTraits (0ms)
			SetupTypeCache (97ms)
			ReleaseScriptCaches (0ms)
			RebuildScriptCaches (27ms)
			SetupLoadedEditorAssemblies (294ms)
				LogAssemblyErrors (0ms)
				InitializePlatformSupportModulesInManaged (52ms)
				SetLoadedEditorAssemblies (0ms)
				RefreshPlugins (108ms)
				BeforeProcessingInitializeOnLoad (1ms)
				ProcessInitializeOnLoadAttributes (91ms)
				ProcessInitializeOnLoadMethodAttributes (41ms)
				AfterProcessingInitializeOnLoad (0ms)
				EditorAssembliesLoaded (0ms)
			ExecutionOrderSort2 (0ms)
			AwakeInstancesAfterBackupRestoration (0ms)
Platform modules already initialized, skipping
Registering precompiled user dll's ...
Registered in 0.009494 seconds.
Begin MonoManager ReloadAssembly
Native extension for UWP target not found
Native extension for WindowsStandalone target not found
Native extension for Android target not found
Native extension for WebGL target not found
Refreshing native plugins compatible for Editor in 150.69 ms, found 12 plugins.
Preloading 0 native plugins for Editor in 0.00 ms.
Package Manager log level set to [2]
Mono: successfully reloaded assembly
- Completed reload, in  1.551 seconds
Domain Reload Profiling:
	ReloadAssembly (1552ms)
		BeginReloadAssembly (224ms)
			ExecutionOrderSort (0ms)
			DisableScriptedObjects (6ms)
			BackupInstance (0ms)
			ReleaseScriptingObjects (0ms)
			CreateAndSetChildDomain (141ms)
		EndReloadAssembly (1241ms)
			LoadAssemblies (89ms)
			RebuildTransferFunctionScriptingTraits (0ms)
			SetupTypeCache (283ms)
			ReleaseScriptCaches (1ms)
			RebuildScriptCaches (71ms)
			SetupLoadedEditorAssemblies (752ms)
				LogAssemblyErrors (0ms)
				InitializePlatformSupportModulesInManaged (19ms)
				SetLoadedEditorAssemblies (0ms)
				RefreshPlugins (151ms)
				BeforeProcessingInitializeOnLoad (149ms)
				ProcessInitializeOnLoadAttributes (401ms)
				ProcessInitializeOnLoadMethodAttributes (27ms)
				AfterProcessingInitializeOnLoad (5ms)
				EditorAssembliesLoaded (0ms)
			ExecutionOrderSort2 (0ms)
			AwakeInstancesAfterBackupRestoration (6ms)
Platform modules already initialized, skipping
========================================================================
Worker process is ready to serve import requests
Launched and connected shader compiler UnityShaderCompiler.exe after 0.04 seconds
Refreshing native plugins compatible for Editor in 1.05 ms, found 12 plugins.
Preloading 0 native plugins for Editor in 0.00 ms.
Unloading 5422 Unused Serialized files (Serialized files now loaded: 0)
Unloading 48 unused Assets / (112.1 KB). Loaded Objects now: 5865.
Memory consumption went from 185.3 MB to 185.2 MB.
Total: 4.275300 ms (FindLiveObjects: 0.469100 ms CreateObjectMapping: 0.455300 ms MarkObjects: 3.233300 ms  DeleteObjects: 0.116600 ms)

AssetImportParameters requested are different than current active one (requested -> active):
  custom:video-decoder-ogg-theora: a1e56fd34408186e4bbccfd4996cb3dc -> 
  custom:container-muxer-webm: aa71ff27fc2769a1b78a27578f13a17b -> 
  custom:container-demuxer-webm: 4f35f7cbe854078d1ac9338744f61a02 -> 
  custom:video-encoder-webm-vp8: eb34c28f22e8b96e1ab97ce403110664 -> 
  custom:audio-encoder-webm-vorbis: bf7c407c2cedff20999df2af8eb42d56 -> 
  custom:framework-win-MediaFoundation: 216162199b28c13a410421893ffa2e32 -> 
  custom:container-demuxer-ogg: 62fdf1f143b41e24485cea50d1cbac27 -> 
  custom:video-decoder-webm-vp8: 9c59270c3fd7afecdb556c50c9e8de78 -> 
  custom:audio-decoder-ogg-vorbis: bf7c407c2cedff20999df2af8eb42d56 -> 
========================================================================
Received Import Request.
  Time since last request: 4715.589208 seconds.
  path: Assets/Scenes/SampleScene.unity
  artifactKey: Guid(9fc0d4010bbf28b4594072e72b8655ab) Importer(815301076,1909f56bfc062723c751e8b465ee728b)
Start importing Assets/Scenes/SampleScene.unity using Guid(9fc0d4010bbf28b4594072e72b8655ab) Importer(815301076,1909f56bfc062723c751e8b465ee728b)  -> (artifact id: 'e55ccaa32d8e5c1de03c07a5412c8c3c') in 0.013054 seconds 
========================================================================
Received Prepare
Refreshing native plugins compatible for Editor in 10.52 ms, found 12 plugins.
Preloading 0 native plugins for Editor in 0.00 ms.
Unloading 38 Unused Serialized files (Serialized files now loaded: 0)
Unloading 38 unused Assets / (76.5 KB). Loaded Objects now: 5865.
Memory consumption went from 76.0 MB to 75.9 MB.
Total: 4.209500 ms (FindLiveObjects: 0.468200 ms CreateObjectMapping: 0.440500 ms MarkObjects: 3.196400 ms  DeleteObjects: 0.103400 ms)

AssetImportParameters requested are different than current active one (requested -> active):
  custom:video-decoder-ogg-theora: a1e56fd34408186e4bbccfd4996cb3dc -> 
  custom:container-muxer-webm: aa71ff27fc2769a1b78a27578f13a17b -> 
  custom:container-demuxer-webm: 4f35f7cbe854078d1ac9338744f61a02 -> 
  custom:video-encoder-webm-vp8: eb34c28f22e8b96e1ab97ce403110664 -> 
  custom:audio-encoder-webm-vorbis: bf7c407c2cedff20999df2af8eb42d56 -> 
  custom:framework-win-MediaFoundation: 216162199b28c13a410421893ffa2e32 -> 
  custom:container-demuxer-ogg: 62fdf1f143b41e24485cea50d1cbac27 -> 
  custom:video-decoder-webm-vp8: 9c59270c3fd7afecdb556c50c9e8de78 -> 
  custom:audio-decoder-ogg-vorbis: bf7c407c2cedff20999df2af8eb42d56 -> 
========================================================================
Received Import Request.
  Time since last request: 554.157343 seconds.
  path: Assets/MixedRealityToolkit.Generated/CustomProfiles/New MixedRealityToolkitConfigurationProfile.asset
  artifactKey: Guid(41ed55d2a8f96b946b4d7924e3496aa7) Importer(815301076,1909f56bfc062723c751e8b465ee728b)
Start importing Assets/MixedRealityToolkit.Generated/CustomProfiles/New MixedRealityToolkitConfigurationProfile.asset using Guid(41ed55d2a8f96b946b4d7924e3496aa7) Importer(815301076,1909f56bfc062723c751e8b465ee728b)  -> (artifact id: '43cf7188f343a28aa09f55c9ae241598') in 0.192271 seconds 
========================================================================
Received Import Request.
  Time since last request: 9.557080 seconds.
  path: Assets/MixedRealityToolkit.Generated/CustomProfiles/New MixedRealityToolkitConfigurationProfile.asset
  artifactKey: Guid(41ed55d2a8f96b946b4d7924e3496aa7) Importer(815301076,1909f56bfc062723c751e8b465ee728b)
Start importing Assets/MixedRealityToolkit.Generated/CustomProfiles/New MixedRealityToolkitConfigurationProfile.asset using Guid(41ed55d2a8f96b946b4d7924e3496aa7) Importer(815301076,1909f56bfc062723c751e8b465ee728b)  -> (artifact id: '32dc7b4f1753cb81299204b404379067') in 0.059481 seconds 
========================================================================
Received Import Request.
  Time since last request: 4.129879 seconds.
  path: Assets/MixedRealityToolkit.Generated/CustomProfiles/New MixedRealityDiagnosticsProfile.asset
  artifactKey: Guid(190795170b8e6bb4686b894e070cc507) Importer(815301076,1909f56bfc062723c751e8b465ee728b)
Start importing Assets/MixedRealityToolkit.Generated/CustomProfiles/New MixedRealityDiagnosticsProfile.asset using Guid(190795170b8e6bb4686b894e070cc507) Importer(815301076,1909f56bfc062723c751e8b465ee728b)  -> (artifact id: 'a7546164c6398c9f397df1acd052b312') in 0.006855 seconds 
========================================================================
Received Import Request.
  Time since last request: 3.218664 seconds.
  path: Assets/MixedRealityToolkit.Generated/CustomProfiles/New MixedRealityToolkitConfigurationProfile.asset
  artifactKey: Guid(41ed55d2a8f96b946b4d7924e3496aa7) Importer(815301076,1909f56bfc062723c751e8b465ee728b)
Start importing Assets/MixedRealityToolkit.Generated/CustomProfiles/New MixedRealityToolkitConfigurationProfile.asset using Guid(41ed55d2a8f96b946b4d7924e3496aa7) Importer(815301076,1909f56bfc062723c751e8b465ee728b)  -> (artifact id: 'f21df04b815efcb4ccf1f3b87f834c54') in 0.051586 seconds 
========================================================================
Received Import Request.
  Time since last request: 30.451849 seconds.
  path: Assets/MixedRealityToolkit.Generated/CustomProfiles/New MixedRealitySpatialAwarenessSystemProfile.asset
  artifactKey: Guid(7e7ee7ffea365da4797c07e615a80bbc) Importer(815301076,1909f56bfc062723c751e8b465ee728b)
Start importing Assets/MixedRealityToolkit.Generated/CustomProfiles/New MixedRealitySpatialAwarenessSystemProfile.asset using Guid(7e7ee7ffea365da4797c07e615a80bbc) Importer(815301076,1909f56bfc062723c751e8b465ee728b)  -> (artifact id: 'e06c41c2de1317597644a1eb91e02a88') in 0.008072 seconds 
========================================================================
Received Prepare
Refreshing native plugins compatible for Editor in 7.14 ms, found 12 plugins.
Preloading 0 native plugins for Editor in 0.00 ms.
Unloading 38 Unused Serialized files (Serialized files now loaded: 0)
Unloading 39 unused Assets / (98.5 KB). Loaded Objects now: 5872.
Memory consumption went from 76.8 MB to 76.7 MB.
Total: 4.835000 ms (FindLiveObjects: 0.465200 ms CreateObjectMapping: 0.397700 ms MarkObjects: 3.858100 ms  DeleteObjects: 0.112900 ms)

AssetImportParameters requested are different than current active one (requested -> active):
  custom:video-decoder-ogg-theora: a1e56fd34408186e4bbccfd4996cb3dc -> 
  custom:container-muxer-webm: aa71ff27fc2769a1b78a27578f13a17b -> 
  custom:container-demuxer-webm: 4f35f7cbe854078d1ac9338744f61a02 -> 
  custom:video-encoder-webm-vp8: eb34c28f22e8b96e1ab97ce403110664 -> 
  custom:audio-encoder-webm-vorbis: bf7c407c2cedff20999df2af8eb42d56 -> 
  custom:framework-win-MediaFoundation: 216162199b28c13a410421893ffa2e32 -> 
  custom:container-demuxer-ogg: 62fdf1f143b41e24485cea50d1cbac27 -> 
  custom:video-decoder-webm-vp8: 9c59270c3fd7afecdb556c50c9e8de78 -> 
  custom:audio-decoder-ogg-vorbis: bf7c407c2cedff20999df2af8eb42d56 -> 
========================================================================
Received Import Request.
  Time since last request: 248.351584 seconds.
  path: Assets/MixedRealityToolkit.Generated/CustomProfiles/Sprite.prefab
  artifactKey: Guid(18f9ef02108a95d409a4a78bfe4c35c0) Importer(815301076,1909f56bfc062723c751e8b465ee728b)
Start importing Assets/MixedRealityToolkit.Generated/CustomProfiles/Sprite.prefab using Guid(18f9ef02108a95d409a4a78bfe4c35c0) Importer(815301076,1909f56bfc062723c751e8b465ee728b)  -> (artifact id: '0d4f8ba5760c02e021f3906aafa72cf0') in 0.026895 seconds 
========================================================================
Received Import Request.
  Time since last request: 35.416654 seconds.
  path: Assets/MixedRealityToolkit.Generated/CustomProfiles/Parent.prefab
  artifactKey: Guid(5b18b83429aadb44dbf82fffb26258f1) Importer(815301076,1909f56bfc062723c751e8b465ee728b)
Start importing Assets/MixedRealityToolkit.Generated/CustomProfiles/Parent.prefab using Guid(5b18b83429aadb44dbf82fffb26258f1) Importer(815301076,1909f56bfc062723c751e8b465ee728b)  -> (artifact id: 'a2147d93db1588678780e1301cfeff81') in 0.008502 seconds 
========================================================================
Received Import Request.
  Time since last request: 129.402205 seconds.
  path: Assets/MixedRealityToolkit.Generated/CustomProfiles/Sprite.prefab
  artifactKey: Guid(18f9ef02108a95d409a4a78bfe4c35c0) Importer(815301076,1909f56bfc062723c751e8b465ee728b)
Start importing Assets/MixedRealityToolkit.Generated/CustomProfiles/Sprite.prefab using Guid(18f9ef02108a95d409a4a78bfe4c35c0) Importer(815301076,1909f56bfc062723c751e8b465ee728b)  -> (artifact id: 'b3336723023fdb892c0ce36c42b396bf') in 0.136945 seconds 
========================================================================
Received Prepare
Registering precompiled user dll's ...
Registered in 0.008600 seconds.
Begin MonoManager ReloadAssembly
Native extension for UWP target not found
Native extension for WindowsStandalone target not found
Native extension for Android target not found
Native extension for WebGL target not found
Refreshing native plugins compatible for Editor in 1.06 ms, found 12 plugins.
Preloading 0 native plugins for Editor in 0.00 ms.
Mono: successfully reloaded assembly
- Completed reload, in  1.325 seconds
Domain Reload Profiling:
	ReloadAssembly (1326ms)
		BeginReloadAssembly (134ms)
			ExecutionOrderSort (0ms)
			DisableScriptedObjects (5ms)
			BackupInstance (0ms)
			ReleaseScriptingObjects (0ms)
			CreateAndSetChildDomain (45ms)
		EndReloadAssembly (1103ms)
			LoadAssemblies (98ms)
			RebuildTransferFunctionScriptingTraits (0ms)
			SetupTypeCache (278ms)
			ReleaseScriptCaches (1ms)
			RebuildScriptCaches (44ms)
			SetupLoadedEditorAssemblies (616ms)
				LogAssemblyErrors (0ms)
				InitializePlatformSupportModulesInManaged (20ms)
				SetLoadedEditorAssemblies (0ms)
				RefreshPlugins (1ms)
				BeforeProcessingInitializeOnLoad (99ms)
				ProcessInitializeOnLoadAttributes (435ms)
				ProcessInitializeOnLoadMethodAttributes (52ms)
				AfterProcessingInitializeOnLoad (8ms)
				EditorAssembliesLoaded (0ms)
			ExecutionOrderSort2 (0ms)
			AwakeInstancesAfterBackupRestoration (11ms)
Platform modules already initialized, skipping
Refreshing native plugins compatible for Editor in 4.14 ms, found 12 plugins.
Preloading 0 native plugins for Editor in 0.00 ms.
Unloading 5386 Unused Serialized files (Serialized files now loaded: 0)
Unloading 38 unused Assets / (79.3 KB). Loaded Objects now: 5882.
Memory consumption went from 187.9 MB to 187.8 MB.
Total: 4.804500 ms (FindLiveObjects: 0.657000 ms CreateObjectMapping: 0.584900 ms MarkObjects: 3.475600 ms  DeleteObjects: 0.086200 ms)

AssetImportParameters requested are different than current active one (requested -> active):
  custom:video-decoder-ogg-theora: a1e56fd34408186e4bbccfd4996cb3dc -> 
  custom:container-muxer-webm: aa71ff27fc2769a1b78a27578f13a17b -> 
  custom:container-demuxer-webm: 4f35f7cbe854078d1ac9338744f61a02 -> 
  custom:video-encoder-webm-vp8: eb34c28f22e8b96e1ab97ce403110664 -> 
  custom:audio-encoder-webm-vorbis: bf7c407c2cedff20999df2af8eb42d56 -> 
  custom:framework-win-MediaFoundation: 216162199b28c13a410421893ffa2e32 -> 
  custom:container-demuxer-ogg: 62fdf1f143b41e24485cea50d1cbac27 -> 
  custom:video-decoder-webm-vp8: 9c59270c3fd7afecdb556c50c9e8de78 -> 
  custom:audio-decoder-ogg-vorbis: bf7c407c2cedff20999df2af8eb42d56 -> 
========================================================================
Received Prepare
Registering precompiled user dll's ...
Registered in 0.008406 seconds.
Begin MonoManager ReloadAssembly
Native extension for UWP target not found
Native extension for WindowsStandalone target not found
Native extension for Android target not found
Native extension for WebGL target not found
Refreshing native plugins compatible for Editor in 2.07 ms, found 12 plugins.
Preloading 0 native plugins for Editor in 0.00 ms.
Mono: successfully reloaded assembly
- Completed reload, in  1.378 seconds
Domain Reload Profiling:
	ReloadAssembly (1379ms)
		BeginReloadAssembly (131ms)
			ExecutionOrderSort (0ms)
			DisableScriptedObjects (5ms)
			BackupInstance (0ms)
			ReleaseScriptingObjects (0ms)
			CreateAndSetChildDomain (41ms)
		EndReloadAssembly (1161ms)
			LoadAssemblies (92ms)
			RebuildTransferFunctionScriptingTraits (0ms)
			SetupTypeCache (283ms)
			ReleaseScriptCaches (2ms)
			RebuildScriptCaches (56ms)
			SetupLoadedEditorAssemblies (649ms)
				LogAssemblyErrors (0ms)
				InitializePlatformSupportModulesInManaged (31ms)
				SetLoadedEditorAssemblies (1ms)
				RefreshPlugins (2ms)
				BeforeProcessingInitializeOnLoad (130ms)
				ProcessInitializeOnLoadAttributes (435ms)
				ProcessInitializeOnLoadMethodAttributes (43ms)
				AfterProcessingInitializeOnLoad (7ms)
				EditorAssembliesLoaded (0ms)
			ExecutionOrderSort2 (0ms)
			AwakeInstancesAfterBackupRestoration (9ms)
Platform modules already initialized, skipping
Refreshing native plugins compatible for Editor in 6.92 ms, found 12 plugins.
Preloading 0 native plugins for Editor in 0.00 ms.
Unloading 5386 Unused Serialized files (Serialized files now loaded: 0)
Unloading 38 unused Assets / (79.3 KB). Loaded Objects now: 5886.
Memory consumption went from 187.9 MB to 187.8 MB.
Total: 3.493900 ms (FindLiveObjects: 0.472300 ms CreateObjectMapping: 0.368800 ms MarkObjects: 2.568300 ms  DeleteObjects: 0.083500 ms)

AssetImportParameters requested are different than current active one (requested -> active):
  custom:video-decoder-ogg-theora: a1e56fd34408186e4bbccfd4996cb3dc -> 
  custom:container-muxer-webm: aa71ff27fc2769a1b78a27578f13a17b -> 
  custom:container-demuxer-webm: 4f35f7cbe854078d1ac9338744f61a02 -> 
  custom:video-encoder-webm-vp8: eb34c28f22e8b96e1ab97ce403110664 -> 
  custom:audio-encoder-webm-vorbis: bf7c407c2cedff20999df2af8eb42d56 -> 
  custom:framework-win-MediaFoundation: 216162199b28c13a410421893ffa2e32 -> 
  custom:container-demuxer-ogg: 62fdf1f143b41e24485cea50d1cbac27 -> 
  custom:video-decoder-webm-vp8: 9c59270c3fd7afecdb556c50c9e8de78 -> 
  custom:audio-decoder-ogg-vorbis: bf7c407c2cedff20999df2af8eb42d56 -> 
========================================================================
Received Prepare
Registering precompiled user dll's ...
Registered in 0.008453 seconds.
Begin MonoManager ReloadAssembly
Native extension for UWP target not found
Native extension for WindowsStandalone target not found
Native extension for Android target not found
Native extension for WebGL target not found
Refreshing native plugins compatible for Editor in 1.89 ms, found 12 plugins.
Preloading 0 native plugins for Editor in 0.00 ms.
Mono: successfully reloaded assembly
- Completed reload, in  1.346 seconds
Domain Reload Profiling:
	ReloadAssembly (1347ms)
		BeginReloadAssembly (128ms)
			ExecutionOrderSort (0ms)
			DisableScriptedObjects (4ms)
			BackupInstance (0ms)
			ReleaseScriptingObjects (0ms)
			CreateAndSetChildDomain (41ms)
		EndReloadAssembly (1131ms)
			LoadAssemblies (92ms)
			RebuildTransferFunctionScriptingTraits (0ms)
			SetupTypeCache (271ms)
			ReleaseScriptCaches (2ms)
			RebuildScriptCaches (56ms)
			SetupLoadedEditorAssemblies (636ms)
				LogAssemblyErrors (0ms)
				InitializePlatformSupportModulesInManaged (29ms)
				SetLoadedEditorAssemblies (1ms)
				RefreshPlugins (2ms)
				BeforeProcessingInitializeOnLoad (117ms)
				ProcessInitializeOnLoadAttributes (436ms)
				ProcessInitializeOnLoadMethodAttributes (45ms)
				AfterProcessingInitializeOnLoad (6ms)
				EditorAssembliesLoaded (0ms)
			ExecutionOrderSort2 (0ms)
			AwakeInstancesAfterBackupRestoration (8ms)
Platform modules already initialized, skipping
Refreshing native plugins compatible for Editor in 4.73 ms, found 12 plugins.
Preloading 0 native plugins for Editor in 0.00 ms.
Unloading 5386 Unused Serialized files (Serialized files now loaded: 0)
Unloading 38 unused Assets / (79.3 KB). Loaded Objects now: 5890.
Memory consumption went from 187.9 MB to 187.8 MB.
Total: 4.224000 ms (FindLiveObjects: 0.423700 ms CreateObjectMapping: 0.381200 ms MarkObjects: 3.327400 ms  DeleteObjects: 0.090500 ms)

AssetImportParameters requested are different than current active one (requested -> active):
  custom:video-decoder-ogg-theora: a1e56fd34408186e4bbccfd4996cb3dc -> 
  custom:container-muxer-webm: aa71ff27fc2769a1b78a27578f13a17b -> 
  custom:container-demuxer-webm: 4f35f7cbe854078d1ac9338744f61a02 -> 
  custom:video-encoder-webm-vp8: eb34c28f22e8b96e1ab97ce403110664 -> 
  custom:audio-encoder-webm-vorbis: bf7c407c2cedff20999df2af8eb42d56 -> 
  custom:framework-win-MediaFoundation: 216162199b28c13a410421893ffa2e32 -> 
  custom:container-demuxer-ogg: 62fdf1f143b41e24485cea50d1cbac27 -> 
  custom:video-decoder-webm-vp8: 9c59270c3fd7afecdb556c50c9e8de78 -> 
  custom:audio-decoder-ogg-vorbis: bf7c407c2cedff20999df2af8eb42d56 -> 
========================================================================
Received Prepare
Refreshing native plugins compatible for Editor in 7.60 ms, found 12 plugins.
Preloading 0 native plugins for Editor in 0.00 ms.
Unloading 38 Unused Serialized files (Serialized files now loaded: 0)
Unloading 38 unused Assets / (76.6 KB). Loaded Objects now: 5890.
Memory consumption went from 80.6 MB to 80.6 MB.
Total: 3.491100 ms (FindLiveObjects: 0.419700 ms CreateObjectMapping: 0.389100 ms MarkObjects: 2.599900 ms  DeleteObjects: 0.081400 ms)

AssetImportParameters requested are different than current active one (requested -> active):
  custom:video-decoder-ogg-theora: a1e56fd34408186e4bbccfd4996cb3dc -> 
  custom:container-muxer-webm: aa71ff27fc2769a1b78a27578f13a17b -> 
  custom:container-demuxer-webm: 4f35f7cbe854078d1ac9338744f61a02 -> 
  custom:video-encoder-webm-vp8: eb34c28f22e8b96e1ab97ce403110664 -> 
  custom:audio-encoder-webm-vorbis: bf7c407c2cedff20999df2af8eb42d56 -> 
  custom:framework-win-MediaFoundation: 216162199b28c13a410421893ffa2e32 -> 
  custom:container-demuxer-ogg: 62fdf1f143b41e24485cea50d1cbac27 -> 
  custom:video-decoder-webm-vp8: 9c59270c3fd7afecdb556c50c9e8de78 -> 
  custom:audio-decoder-ogg-vorbis: bf7c407c2cedff20999df2af8eb42d56 -> 
========================================================================
Received Prepare
Registering precompiled user dll's ...
Registered in 0.010254 seconds.
Begin MonoManager ReloadAssembly
Native extension for UWP target not found
Native extension for WindowsStandalone target not found
Native extension for Android target not found
Native extension for WebGL target not found
Refreshing native plugins compatible for Editor in 1.21 ms, found 12 plugins.
Preloading 0 native plugins for Editor in 0.00 ms.
Mono: successfully reloaded assembly
- Completed reload, in  1.307 seconds
Domain Reload Profiling:
	ReloadAssembly (1308ms)
		BeginReloadAssembly (130ms)
			ExecutionOrderSort (0ms)
			DisableScriptedObjects (4ms)
			BackupInstance (0ms)
			ReleaseScriptingObjects (0ms)
			CreateAndSetChildDomain (41ms)
		EndReloadAssembly (1093ms)
			LoadAssemblies (94ms)
			RebuildTransferFunctionScriptingTraits (0ms)
			SetupTypeCache (279ms)
			ReleaseScriptCaches (1ms)
			RebuildScriptCaches (43ms)
			SetupLoadedEditorAssemblies (615ms)
				LogAssemblyErrors (0ms)
				InitializePlatformSupportModulesInManaged (23ms)
				SetLoadedEditorAssemblies (1ms)
				RefreshPlugins (1ms)
				BeforeProcessingInitializeOnLoad (110ms)
				ProcessInitializeOnLoadAttributes (431ms)
				ProcessInitializeOnLoadMethodAttributes (42ms)
				AfterProcessingInitializeOnLoad (7ms)
				EditorAssembliesLoaded (0ms)
			ExecutionOrderSort2 (0ms)
			AwakeInstancesAfterBackupRestoration (10ms)
Platform modules already initialized, skipping
Refreshing native plugins compatible for Editor in 4.14 ms, found 12 plugins.
Preloading 0 native plugins for Editor in 0.00 ms.
Unloading 5386 Unused Serialized files (Serialized files now loaded: 0)
Unloading 38 unused Assets / (79.3 KB). Loaded Objects now: 5894.
Memory consumption went from 187.9 MB to 187.8 MB.
Total: 3.399800 ms (FindLiveObjects: 0.389800 ms CreateObjectMapping: 0.383000 ms MarkObjects: 2.548400 ms  DeleteObjects: 0.077800 ms)

AssetImportParameters requested are different than current active one (requested -> active):
  custom:video-decoder-ogg-theora: a1e56fd34408186e4bbccfd4996cb3dc -> 
  custom:container-muxer-webm: aa71ff27fc2769a1b78a27578f13a17b -> 
  custom:container-demuxer-webm: 4f35f7cbe854078d1ac9338744f61a02 -> 
  custom:video-encoder-webm-vp8: eb34c28f22e8b96e1ab97ce403110664 -> 
  custom:audio-encoder-webm-vorbis: bf7c407c2cedff20999df2af8eb42d56 -> 
  custom:framework-win-MediaFoundation: 216162199b28c13a410421893ffa2e32 -> 
  custom:container-demuxer-ogg: 62fdf1f143b41e24485cea50d1cbac27 -> 
  custom:video-decoder-webm-vp8: 9c59270c3fd7afecdb556c50c9e8de78 -> 
  custom:audio-decoder-ogg-vorbis: bf7c407c2cedff20999df2af8eb42d56 -> 
========================================================================
Received Prepare
Refreshing native plugins compatible for Editor in 10.21 ms, found 12 plugins.
Preloading 0 native plugins for Editor in 0.00 ms.
Unloading 38 Unused Serialized files (Serialized files now loaded: 0)
Unloading 38 unused Assets / (76.4 KB). Loaded Objects now: 5894.
Memory consumption went from 80.6 MB to 80.6 MB.
Total: 4.665000 ms (FindLiveObjects: 0.445500 ms CreateObjectMapping: 0.329400 ms MarkObjects: 3.755100 ms  DeleteObjects: 0.134200 ms)

AssetImportParameters requested are different than current active one (requested -> active):
  custom:video-decoder-ogg-theora: a1e56fd34408186e4bbccfd4996cb3dc -> 
  custom:container-muxer-webm: aa71ff27fc2769a1b78a27578f13a17b -> 
  custom:container-demuxer-webm: 4f35f7cbe854078d1ac9338744f61a02 -> 
  custom:video-encoder-webm-vp8: eb34c28f22e8b96e1ab97ce403110664 -> 
  custom:audio-encoder-webm-vorbis: bf7c407c2cedff20999df2af8eb42d56 -> 
  custom:framework-win-MediaFoundation: 216162199b28c13a410421893ffa2e32 -> 
  custom:container-demuxer-ogg: 62fdf1f143b41e24485cea50d1cbac27 -> 
  custom:video-decoder-webm-vp8: 9c59270c3fd7afecdb556c50c9e8de78 -> 
  custom:audio-decoder-ogg-vorbis: bf7c407c2cedff20999df2af8eb42d56 -> 
========================================================================
Received Prepare
Refreshing native plugins compatible for Editor in 10.35 ms, found 12 plugins.
Preloading 0 native plugins for Editor in 0.00 ms.
Unloading 38 Unused Serialized files (Serialized files now loaded: 0)
Unloading 38 unused Assets / (76.5 KB). Loaded Objects now: 5894.
Memory consumption went from 80.6 MB to 80.6 MB.
Total: 5.436100 ms (FindLiveObjects: 0.456400 ms CreateObjectMapping: 0.368100 ms MarkObjects: 4.524800 ms  DeleteObjects: 0.085900 ms)

AssetImportParameters requested are different than current active one (requested -> active):
  custom:video-decoder-ogg-theora: a1e56fd34408186e4bbccfd4996cb3dc -> 
  custom:container-muxer-webm: aa71ff27fc2769a1b78a27578f13a17b -> 
  custom:container-demuxer-webm: 4f35f7cbe854078d1ac9338744f61a02 -> 
  custom:video-encoder-webm-vp8: eb34c28f22e8b96e1ab97ce403110664 -> 
  custom:audio-encoder-webm-vorbis: bf7c407c2cedff20999df2af8eb42d56 -> 
  custom:framework-win-MediaFoundation: 216162199b28c13a410421893ffa2e32 -> 
  custom:container-demuxer-ogg: 62fdf1f143b41e24485cea50d1cbac27 -> 
  custom:video-decoder-webm-vp8: 9c59270c3fd7afecdb556c50c9e8de78 -> 
  custom:audio-decoder-ogg-vorbis: bf7c407c2cedff20999df2af8eb42d56 -> 
========================================================================
Received Prepare
Refreshing native plugins compatible for Editor in 7.64 ms, found 12 plugins.
Preloading 0 native plugins for Editor in 0.00 ms.
Unloading 38 Unused Serialized files (Serialized files now loaded: 0)
Unloading 38 unused Assets / (76.5 KB). Loaded Objects now: 5894.
Memory consumption went from 80.7 MB to 80.6 MB.
Total: 4.482200 ms (FindLiveObjects: 0.409400 ms CreateObjectMapping: 0.384100 ms MarkObjects: 3.579200 ms  DeleteObjects: 0.108700 ms)

AssetImportParameters requested are different than current active one (requested -> active):
  custom:video-decoder-ogg-theora: a1e56fd34408186e4bbccfd4996cb3dc -> 
  custom:container-muxer-webm: aa71ff27fc2769a1b78a27578f13a17b -> 
  custom:container-demuxer-webm: 4f35f7cbe854078d1ac9338744f61a02 -> 
  custom:video-encoder-webm-vp8: eb34c28f22e8b96e1ab97ce403110664 -> 
  custom:audio-encoder-webm-vorbis: bf7c407c2cedff20999df2af8eb42d56 -> 
  custom:framework-win-MediaFoundation: 216162199b28c13a410421893ffa2e32 -> 
  custom:container-demuxer-ogg: 62fdf1f143b41e24485cea50d1cbac27 -> 
  custom:video-decoder-webm-vp8: 9c59270c3fd7afecdb556c50c9e8de78 -> 
  custom:audio-decoder-ogg-vorbis: bf7c407c2cedff20999df2af8eb42d56 -> 
========================================================================
Received Prepare
Refreshing native plugins compatible for Editor in 8.08 ms, found 12 plugins.
Preloading 0 native plugins for Editor in 0.00 ms.
Unloading 38 Unused Serialized files (Serialized files now loaded: 0)
Unloading 38 unused Assets / (76.5 KB). Loaded Objects now: 5894.
Memory consumption went from 80.7 MB to 80.6 MB.
Total: 4.143100 ms (FindLiveObjects: 0.426700 ms CreateObjectMapping: 0.380300 ms MarkObjects: 3.253400 ms  DeleteObjects: 0.081900 ms)

AssetImportParameters requested are different than current active one (requested -> active):
  custom:video-decoder-ogg-theora: a1e56fd34408186e4bbccfd4996cb3dc -> 
  custom:container-muxer-webm: aa71ff27fc2769a1b78a27578f13a17b -> 
  custom:container-demuxer-webm: 4f35f7cbe854078d1ac9338744f61a02 -> 
  custom:video-encoder-webm-vp8: eb34c28f22e8b96e1ab97ce403110664 -> 
  custom:audio-encoder-webm-vorbis: bf7c407c2cedff20999df2af8eb42d56 -> 
  custom:framework-win-MediaFoundation: 216162199b28c13a410421893ffa2e32 -> 
  custom:container-demuxer-ogg: 62fdf1f143b41e24485cea50d1cbac27 -> 
  custom:video-decoder-webm-vp8: 9c59270c3fd7afecdb556c50c9e8de78 -> 
  custom:audio-decoder-ogg-vorbis: bf7c407c2cedff20999df2af8eb42d56 -> 
========================================================================
Received Import Request.
  Time since last request: 2647.963872 seconds.
  path: Assets/MixedRealityToolkit.Generated/CustomProfiles/New MixedRealitySpatialAwarenessSystemProfile.asset
  artifactKey: Guid(7e7ee7ffea365da4797c07e615a80bbc) Importer(815301076,1909f56bfc062723c751e8b465ee728b)
Start importing Assets/MixedRealityToolkit.Generated/CustomProfiles/New MixedRealitySpatialAwarenessSystemProfile.asset using Guid(7e7ee7ffea365da4797c07e615a80bbc) Importer(815301076,1909f56bfc062723c751e8b465ee728b)  -> (artifact id: '89772c7348421ff654ab080484d87272') in 0.080905 seconds 
========================================================================
Received Import Request.
  Time since last request: 153.382955 seconds.
  path: Packages/com.microsoft.mixedreality.toolkit.standardassets/Materials/MRTK_Standard_White.mat
  artifactKey: Guid(680505b4b4f3400f9fd3ebb242751819) Importer(815301076,1909f56bfc062723c751e8b465ee728b)
Start importing Packages/com.microsoft.mixedreality.toolkit.standardassets/Materials/MRTK_Standard_White.mat using Guid(680505b4b4f3400f9fd3ebb242751819) Importer(815301076,1909f56bfc062723c751e8b465ee728b)  -> (artifact id: '09cab6cc80ff373df892cd6ab0ed4855') in 0.255238 seconds 
========================================================================
Received Import Request.
  Time since last request: 0.000028 seconds.
  path: Packages/com.microsoft.mixedreality.toolkit.foundation/SDK/StandardAssets/Models/MRTK_BoundingBox_RotateHandle.fbx
  artifactKey: Guid(57c53da2552a8114ab6d68e0cd31b1eb) Importer(815301076,1909f56bfc062723c751e8b465ee728b)
Start importing Packages/com.microsoft.mixedreality.toolkit.foundation/SDK/StandardAssets/Models/MRTK_BoundingBox_RotateHandle.fbx using Guid(57c53da2552a8114ab6d68e0cd31b1eb) Importer(815301076,1909f56bfc062723c751e8b465ee728b)  -> (artifact id: 'b73fb5faaa048509b60c687523538431') in 0.324963 seconds 
========================================================================
Received Import Request.
  Time since last request: 0.000033 seconds.
  path: Packages/com.microsoft.mixedreality.toolkit.foundation/SDK/Features/UX/Interactable/Materials/MRTKStandardUnityUI.mat
  artifactKey: Guid(64f43441f426679429ed0954968037af) Importer(815301076,1909f56bfc062723c751e8b465ee728b)
Start importing Packages/com.microsoft.mixedreality.toolkit.foundation/SDK/Features/UX/Interactable/Materials/MRTKStandardUnityUI.mat using Guid(64f43441f426679429ed0954968037af) Importer(815301076,1909f56bfc062723c751e8b465ee728b)  -> (artifact id: '8bd9c7b12e4777509dbcc2245911b750') in 0.278165 seconds 
========================================================================
Received Import Request.
  Time since last request: 1.549691 seconds.
  path: Packages/com.microsoft.mixedreality.toolkit.foundation/SDK/StandardAssets/Models/MRTK_BoundingBox_TranslateHandle.fbx
  artifactKey: Guid(332c8596f773d4c4db31915a9df86221) Importer(815301076,1909f56bfc062723c751e8b465ee728b)
Start importing Packages/com.microsoft.mixedreality.toolkit.foundation/SDK/StandardAssets/Models/MRTK_BoundingBox_TranslateHandle.fbx using Guid(332c8596f773d4c4db31915a9df86221) Importer(815301076,1909f56bfc062723c751e8b465ee728b)  -> (artifact id: 'd77bb1d6a1ef40729a3c3bdb24122656') in 0.035976 seconds 
========================================================================
Received Import Request.
  Time since last request: 0.034378 seconds.
  path: Packages/com.microsoft.mixedreality.toolkit.foundation/SDK/Features/UX/Materials/PanContent.mat
  artifactKey: Guid(a6066557d0b74ca4f8c1b9bc571e33e1) Importer(815301076,1909f56bfc062723c751e8b465ee728b)
Start importing Packages/com.microsoft.mixedreality.toolkit.foundation/SDK/Features/UX/Materials/PanContent.mat using Guid(a6066557d0b74ca4f8c1b9bc571e33e1) Importer(815301076,1909f56bfc062723c751e8b465ee728b)  -> (artifact id: 'fa4c0c87d92ca1560316b5cbdd411929') in 0.155175 seconds 
========================================================================
Received Import Request.
  Time since last request: 0.195822 seconds.
  path: Packages/com.microsoft.mixedreality.toolkit.foundation/SDK/Features/UX/Materials/PinchSliderTickMarkMaterial.mat
  artifactKey: Guid(ed82846a116c9d340b4f3b698b37659b) Importer(815301076,1909f56bfc062723c751e8b465ee728b)
Start importing Packages/com.microsoft.mixedreality.toolkit.foundation/SDK/Features/UX/Materials/PinchSliderTickMarkMaterial.mat using Guid(ed82846a116c9d340b4f3b698b37659b) Importer(815301076,1909f56bfc062723c751e8b465ee728b)  -> (artifact id: 'a7192b0fc78e50eb1642a12bae7634c9') in 0.080377 seconds 
========================================================================
Received Import Request.
  Time since last request: 0.019706 seconds.
  path: Packages/com.microsoft.mixedreality.toolkit.foundation/SDK/Features/UX/Materials/ProgressIndicatorLoadingBarFilled.mat
  artifactKey: Guid(fc087f02f2268a2469e7b85f72816d61) Importer(815301076,1909f56bfc062723c751e8b465ee728b)
Start importing Packages/com.microsoft.mixedreality.toolkit.foundation/SDK/Features/UX/Materials/ProgressIndicatorLoadingBarFilled.mat using Guid(fc087f02f2268a2469e7b85f72816d61) Importer(815301076,1909f56bfc062723c751e8b465ee728b)  -> (artifact id: 'f48c6519cebe0150cbb59059292b202e') in 0.039281 seconds 
========================================================================
Received Import Request.
  Time since last request: 0.233956 seconds.
  path: Packages/com.microsoft.mixedreality.toolkit.foundation/SDK/Features/UX/Materials/ProgressIndicatorRotatingOrbsMat.mat
  artifactKey: Guid(ad63588c7e076084a90378e695622194) Importer(815301076,1909f56bfc062723c751e8b465ee728b)
Start importing Packages/com.microsoft.mixedreality.toolkit.foundation/SDK/Features/UX/Materials/ProgressIndicatorRotatingOrbsMat.mat using Guid(ad63588c7e076084a90378e695622194) Importer(815301076,1909f56bfc062723c751e8b465ee728b)  -> (artifact id: 'c674812146d29450880be39759d618fc') in 0.042365 seconds 
========================================================================
Received Import Request.
  Time since last request: 0.331417 seconds.
  path: Packages/com.microsoft.mixedreality.toolkit.standardassets/FontsSDFTextures/DepthWriteOn/segoeui SDF.asset
  artifactKey: Guid(afc8299d5d5bbd440a0616c8ecbc7217) Importer(815301076,1909f56bfc062723c751e8b465ee728b)
Start importing Packages/com.microsoft.mixedreality.toolkit.standardassets/FontsSDFTextures/DepthWriteOn/segoeui SDF.asset using Guid(afc8299d5d5bbd440a0616c8ecbc7217) Importer(815301076,1909f56bfc062723c751e8b465ee728b)  -> (artifact id: 'dec76e956c8d6c7c13564059ff73662a') in 0.049172 seconds 
========================================================================
Received Import Request.
  Time since last request: 0.069286 seconds.
  path: Packages/com.microsoft.mixedreality.toolkit.standardassets/FontsSDFTextures/DepthWriteOn/segoeuib SDF.asset
  artifactKey: Guid(708ca4cbd1d60c64184b76fa75044402) Importer(815301076,1909f56bfc062723c751e8b465ee728b)
Start importing Packages/com.microsoft.mixedreality.toolkit.standardassets/FontsSDFTextures/DepthWriteOn/segoeuib SDF.asset using Guid(708ca4cbd1d60c64184b76fa75044402) Importer(815301076,1909f56bfc062723c751e8b465ee728b)  -> (artifact id: '9a3568ca1192755b8759342911fa1cb6') in 0.024273 seconds 
========================================================================
Received Import Request.
  Time since last request: 0.032216 seconds.
  path: Packages/com.microsoft.mixedreality.toolkit.standardassets/FontsSDFTextures/DepthWriteOff/segoeuil SDF_zwrite_off.asset
  artifactKey: Guid(cf40b52fb3478de4ea4adf277e3b75ef) Importer(815301076,1909f56bfc062723c751e8b465ee728b)
Start importing Packages/com.microsoft.mixedreality.toolkit.standardassets/FontsSDFTextures/DepthWriteOff/segoeuil SDF_zwrite_off.asset using Guid(cf40b52fb3478de4ea4adf277e3b75ef) Importer(815301076,1909f56bfc062723c751e8b465ee728b)  -> (artifact id: '75b5f55bceb412b3de3207b40efb88f6') in 0.026150 seconds 
========================================================================
Received Import Request.
  Time since last request: 0.453325 seconds.
  path: Packages/com.microsoft.mixedreality.toolkit.standardassets/FontsSDFTextures/DepthWriteOn/segoeuisl SDF.asset
  artifactKey: Guid(c334791383d1d8042b3a69a77b6b3283) Importer(815301076,1909f56bfc062723c751e8b465ee728b)
Start importing Packages/com.microsoft.mixedreality.toolkit.standardassets/FontsSDFTextures/DepthWriteOn/segoeuisl SDF.asset using Guid(c334791383d1d8042b3a69a77b6b3283) Importer(815301076,1909f56bfc062723c751e8b465ee728b)  -> (artifact id: '0a09e7c198fd2d26f860183edaf060e5') in 0.027951 seconds 
========================================================================
Received Import Request.
  Time since last request: 0.018235 seconds.
  path: Packages/com.microsoft.mixedreality.toolkit.standardassets/FontsSDFTextures/DepthWriteOn/seguibl SDF.asset
  artifactKey: Guid(1e1a3bf70c1dc22478ff4fc9837e570e) Importer(815301076,1909f56bfc062723c751e8b465ee728b)
Start importing Packages/com.microsoft.mixedreality.toolkit.standardassets/FontsSDFTextures/DepthWriteOn/seguibl SDF.asset using Guid(1e1a3bf70c1dc22478ff4fc9837e570e) Importer(815301076,1909f56bfc062723c751e8b465ee728b)  -> (artifact id: '665d612bbd2a980df38c13acd4be9bcc') in 0.028738 seconds 
========================================================================
Received Import Request.
  Time since last request: 0.000019 seconds.
  path: Packages/com.microsoft.mixedreality.toolkit.foundation/SDK/StandardAssets/Controllers/Visuals/Models/oculus-touch-v2/right.glb
  artifactKey: Guid(cc5d8ddb263e1fb4fa64b4865e68d9e4) Importer(815301076,1909f56bfc062723c751e8b465ee728b)
Start importing Packages/com.microsoft.mixedreality.toolkit.foundation/SDK/StandardAssets/Controllers/Visuals/Models/oculus-touch-v2/right.glb using Guid(cc5d8ddb263e1fb4fa64b4865e68d9e4) Importer(815301076,1909f56bfc062723c751e8b465ee728b)  -> (artifact id: '1dea494a69780419e6f499de502fdd99') in 0.610946 seconds 
========================================================================
Received Import Request.
  Time since last request: 0.000043 seconds.
  path: Packages/com.microsoft.mixedreality.toolkit.foundation/SDK/Features/UX/Materials/Teleport/TeleportArrow.mat
  artifactKey: Guid(333f66f665b79014ca2dd1e314e48b1a) Importer(815301076,1909f56bfc062723c751e8b465ee728b)
Start importing Packages/com.microsoft.mixedreality.toolkit.foundation/SDK/Features/UX/Materials/Teleport/TeleportArrow.mat using Guid(333f66f665b79014ca2dd1e314e48b1a) Importer(815301076,1909f56bfc062723c751e8b465ee728b)  -> (artifact id: '6cdd3c970930c5082e692e0b656a0901') in 0.081522 seconds 
========================================================================
Received Import Request.
  Time since last request: 0.000036 seconds.
  path: Packages/com.microsoft.mixedreality.toolkit.standardassets/Materials/Text3DSelawikLight.mat
  artifactKey: Guid(07c12c0ec28e4b8c8f083045ea0765ef) Importer(815301076,1909f56bfc062723c751e8b465ee728b)
Start importing Packages/com.microsoft.mixedreality.toolkit.standardassets/Materials/Text3DSelawikLight.mat using Guid(07c12c0ec28e4b8c8f083045ea0765ef) Importer(815301076,1909f56bfc062723c751e8b465ee728b)  -> (artifact id: 'fcfc5024dc441642498b99e71b799f60') in 0.040443 seconds 
========================================================================
Received Import Request.
  Time since last request: 0.000034 seconds.
  path: Packages/com.microsoft.mixedreality.toolkit.foundation/SDK/Features/UX/Interactable/Materials/ToggleButton.mat
  artifactKey: Guid(09c36cbdc8249664dacdf98f70d27be7) Importer(815301076,1909f56bfc062723c751e8b465ee728b)
Start importing Packages/com.microsoft.mixedreality.toolkit.foundation/SDK/Features/UX/Interactable/Materials/ToggleButton.mat using Guid(09c36cbdc8249664dacdf98f70d27be7) Importer(815301076,1909f56bfc062723c751e8b465ee728b)  -> (artifact id: 'dde00316d071f598291c1b68c8136df1') in 0.072035 seconds 
========================================================================
Received Import Request.
  Time since last request: 0.000026 seconds.
  path: Packages/com.microsoft.mixedreality.toolkit.standardassets/Materials/Text3DSelawikSemilight.mat
  artifactKey: Guid(f994cbd38a764af182fc2d9c96693ece) Importer(815301076,1909f56bfc062723c751e8b465ee728b)
Start importing Packages/com.microsoft.mixedreality.toolkit.standardassets/Materials/Text3DSelawikSemilight.mat using Guid(f994cbd38a764af182fc2d9c96693ece) Importer(815301076,1909f56bfc062723c751e8b465ee728b)  -> (artifact id: 'c1a1b2cbb29657f58865db7f9129a560') in 0.025231 seconds 
========================================================================
Received Import Request.
  Time since last request: 0.000025 seconds.
  path: Packages/com.microsoft.mixedreality.toolkit.standardassets/FontsSDFTextures/DepthWriteOn/seguisb SDF.asset
  artifactKey: Guid(6a84f857bec7e7345843ae29404c57ce) Importer(815301076,1909f56bfc062723c751e8b465ee728b)
Start importing Packages/com.microsoft.mixedreality.toolkit.standardassets/FontsSDFTextures/DepthWriteOn/seguisb SDF.asset using Guid(6a84f857bec7e7345843ae29404c57ce) Importer(815301076,1909f56bfc062723c751e8b465ee728b)  -> (artifact id: 'abc20a719dec8692121a9137afc6f6db') in 0.045973 seconds 
========================================================================
Received Import Request.
  Time since last request: 0.000044 seconds.
  path: Packages/com.microsoft.mixedreality.toolkit.standardassets/Materials/Text3DSelawik.mat
  artifactKey: Guid(27e8d7c95f97434681887029d5c7a928) Importer(815301076,1909f56bfc062723c751e8b465ee728b)
Start importing Packages/com.microsoft.mixedreality.toolkit.standardassets/Materials/Text3DSelawik.mat using Guid(27e8d7c95f97434681887029d5c7a928) Importer(815301076,1909f56bfc062723c751e8b465ee728b)  -> (artifact id: '2265fe1715e5318ac09a23e585f1951b') in 0.029486 seconds 
========================================================================
Received Import Request.
  Time since last request: 0.000030 seconds.
  path: Packages/com.microsoft.mixedreality.toolkit.foundation/SDK/Features/UX/Materials/Teleport/TeleportBase.mat
  artifactKey: Guid(3cb2d87ea9463e642b8419db5ab1b7cb) Importer(815301076,1909f56bfc062723c751e8b465ee728b)
Start importing Packages/com.microsoft.mixedreality.toolkit.foundation/SDK/Features/UX/Materials/Teleport/TeleportBase.mat using Guid(3cb2d87ea9463e642b8419db5ab1b7cb) Importer(815301076,1909f56bfc062723c751e8b465ee728b)  -> (artifact id: 'f2c5e3206464a0e48101ba80b5b6bd39') in 0.103432 seconds 
========================================================================
Received Import Request.
  Time since last request: 0.000022 seconds.
  path: Packages/com.microsoft.mixedreality.toolkit.standardassets/FontsSDFTextures/DepthWriteOff/seguisb SDF_zwrite_off.asset
  artifactKey: Guid(ad601d838b0fb2744937cd5dad890e81) Importer(815301076,1909f56bfc062723c751e8b465ee728b)
Start importing Packages/com.microsoft.mixedreality.toolkit.standardassets/FontsSDFTextures/DepthWriteOff/seguisb SDF_zwrite_off.asset using Guid(ad601d838b0fb2744937cd5dad890e81) Importer(815301076,1909f56bfc062723c751e8b465ee728b)  -> (artifact id: '9d3c47334bd8e19463e3416c9e922b69') in 0.037437 seconds 
========================================================================
Received Import Request.
  Time since last request: 2.659937 seconds.
  path: Packages/com.microsoft.mixedreality.toolkit.standardassets/Materials/MRTK_Standard_TransparentWhite.mat
  artifactKey: Guid(978c13c1492639341a61913375335e64) Importer(815301076,1909f56bfc062723c751e8b465ee728b)
Start importing Packages/com.microsoft.mixedreality.toolkit.standardassets/Materials/MRTK_Standard_TransparentWhite.mat using Guid(978c13c1492639341a61913375335e64) Importer(815301076,1909f56bfc062723c751e8b465ee728b)  -> (artifact id: '0826e6663a7860094bddae914a85fc3a') in 0.068741 seconds 
========================================================================
Received Import Request.
  Time since last request: 0.000027 seconds.
  path: Packages/com.microsoft.mixedreality.toolkit.standardassets/Materials/MRTK_Standard_TransparentGreen.mat
  artifactKey: Guid(163c37494bc2d0540b3488a9d901ee07) Importer(815301076,1909f56bfc062723c751e8b465ee728b)
Start importing Packages/com.microsoft.mixedreality.toolkit.standardassets/Materials/MRTK_Standard_TransparentGreen.mat using Guid(163c37494bc2d0540b3488a9d901ee07) Importer(815301076,1909f56bfc062723c751e8b465ee728b)  -> (artifact id: 'd858c7523e77ae6882a568c4d6bc2f3f') in 0.034968 seconds 
========================================================================
Received Import Request.
  Time since last request: 0.000034 seconds.
  path: Packages/com.microsoft.mixedreality.toolkit.standardassets/Materials/MRTK_Standard_PurpleDesaturated.mat
  artifactKey: Guid(e4c84336a1663704083b58c1b3d8cedf) Importer(815301076,1909f56bfc062723c751e8b465ee728b)
Start importing Packages/com.microsoft.mixedreality.toolkit.standardassets/Materials/MRTK_Standard_PurpleDesaturated.mat using Guid(e4c84336a1663704083b58c1b3d8cedf) Importer(815301076,1909f56bfc062723c751e8b465ee728b)  -> (artifact id: '3b41b0f011a2d83dc260b595047f00f0') in 0.101555 seconds 
========================================================================
Received Import Request.
  Time since last request: 0.000026 seconds.
  path: Packages/com.microsoft.mixedreality.toolkit.standardassets/Materials/MRTK_Standard_Black.mat
  artifactKey: Guid(54322026142964d4084eda2478d9b1a2) Importer(815301076,1909f56bfc062723c751e8b465ee728b)
Start importing Packages/com.microsoft.mixedreality.toolkit.standardassets/Materials/MRTK_Standard_Black.mat using Guid(54322026142964d4084eda2478d9b1a2) Importer(815301076,1909f56bfc062723c751e8b465ee728b)  -> (artifact id: '1a51d1830823f656bd4e9e494e508c5d') in 0.065578 seconds 
========================================================================
Received Import Request.
  Time since last request: 0.000032 seconds.
  path: Packages/com.microsoft.mixedreality.toolkit.foundation/SDK/Features/UX/Interactable/Materials/MRTK_GrabbableDots2RowsV1.mat
  artifactKey: Guid(e28b3473906c8764a948650d42b975c1) Importer(815301076,1909f56bfc062723c751e8b465ee728b)
Start importing Packages/com.microsoft.mixedreality.toolkit.foundation/SDK/Features/UX/Interactable/Materials/MRTK_GrabbableDots2RowsV1.mat using Guid(e28b3473906c8764a948650d42b975c1) Importer(815301076,1909f56bfc062723c751e8b465ee728b)  -> (artifact id: 'bb204e94f1e05fc5db648b2c49d884af') in 0.057520 seconds 
========================================================================
Received Import Request.
  Time since last request: 0.000023 seconds.
  path: Packages/com.microsoft.mixedreality.toolkit.foundation/SDK/Features/UX/Meshes/HolographicButton/CompoundButtonMeshes.fbx
  artifactKey: Guid(b566bbce04d66f4428421e81a3af0299) Importer(815301076,1909f56bfc062723c751e8b465ee728b)
Start importing Packages/com.microsoft.mixedreality.toolkit.foundation/SDK/Features/UX/Meshes/HolographicButton/CompoundButtonMeshes.fbx using Guid(b566bbce04d66f4428421e81a3af0299) Importer(815301076,1909f56bfc062723c751e8b465ee728b)  -> (artifact id: '598d19b1cb32c78850f4075654223969') in 0.259745 seconds 
========================================================================
Received Import Request.
  Time since last request: 0.000024 seconds.
  path: Packages/com.microsoft.mixedreality.toolkit.foundation/SDK/Features/UX/Meshes/Cursors/Materials/MousePointer.mat
  artifactKey: Guid(2137afd1049cf61428db6f7025881422) Importer(815301076,1909f56bfc062723c751e8b465ee728b)
Start importing Packages/com.microsoft.mixedreality.toolkit.foundation/SDK/Features/UX/Meshes/Cursors/Materials/MousePointer.mat using Guid(2137afd1049cf61428db6f7025881422) Importer(815301076,1909f56bfc062723c751e8b465ee728b)  -> (artifact id: '49acaec8656aaba7b875ebc13b29ce9a') in 0.102280 seconds 
========================================================================
Received Import Request.
  Time since last request: 0.000027 seconds.
  path: Packages/com.microsoft.mixedreality.toolkit.foundation/SDK/Features/UX/Interactable/Materials/HolographicButtonThickContent.mat
  artifactKey: Guid(c4ebfa37240ed3948a5f24c53db682fe) Importer(815301076,1909f56bfc062723c751e8b465ee728b)
Start importing Packages/com.microsoft.mixedreality.toolkit.foundation/SDK/Features/UX/Interactable/Materials/HolographicButtonThickContent.mat using Guid(c4ebfa37240ed3948a5f24c53db682fe) Importer(815301076,1909f56bfc062723c751e8b465ee728b)  -> (artifact id: '18ddcb295aa794e0e23416e02ba6c9ee') in 0.127991 seconds 
========================================================================
Received Import Request.
  Time since last request: 0.000028 seconds.
  path: Packages/com.microsoft.mixedreality.toolkit.foundation/SDK/Features/UX/Interactable/Materials/HolographicButtonIconAdd.mat
  artifactKey: Guid(ccf34f78a6419584fa9cea97b5e46131) Importer(815301076,1909f56bfc062723c751e8b465ee728b)
Start importing Packages/com.microsoft.mixedreality.toolkit.foundation/SDK/Features/UX/Interactable/Materials/HolographicButtonIconAdd.mat using Guid(ccf34f78a6419584fa9cea97b5e46131) Importer(815301076,1909f56bfc062723c751e8b465ee728b)  -> (artifact id: 'f1561ad9e914c6f2456447e5f5af797a') in 0.054465 seconds 
========================================================================
Received Import Request.
  Time since last request: 0.000026 seconds.
  path: Packages/com.microsoft.mixedreality.toolkit.foundation/SDK/Features/UX/Interactable/Materials/Foreground.mat
  artifactKey: Guid(3b3d487d6722afe489a882284f787bbd) Importer(815301076,1909f56bfc062723c751e8b465ee728b)
Start importing Packages/com.microsoft.mixedreality.toolkit.foundation/SDK/Features/UX/Interactable/Materials/Foreground.mat using Guid(3b3d487d6722afe489a882284f787bbd) Importer(815301076,1909f56bfc062723c751e8b465ee728b)  -> (artifact id: 'dea3e4c62b90a8276ce32c8e6880298e') in 0.126224 seconds 
========================================================================
Received Import Request.
  Time since last request: 0.000060 seconds.
  path: Packages/com.microsoft.mixedreality.toolkit.foundation/SDK/Features/UX/Meshes/Cursors/TeleportCursor.fbx
  artifactKey: Guid(63df887775f744ff81b5498f43f24074) Importer(815301076,1909f56bfc062723c751e8b465ee728b)
Start importing Packages/com.microsoft.mixedreality.toolkit.foundation/SDK/Features/UX/Meshes/Cursors/TeleportCursor.fbx using Guid(63df887775f744ff81b5498f43f24074) Importer(815301076,1909f56bfc062723c751e8b465ee728b)  -> (artifact id: '8977858c8a0517b74eda189daebec28d') in 0.085781 seconds 
========================================================================
Received Import Request.
  Time since last request: 0.000027 seconds.
  path: Packages/com.microsoft.mixedreality.toolkit.foundation/SDK/Features/UX/Interactable/Materials/HolographicButtonIconProfiler.mat
  artifactKey: Guid(85b164de2cfcb854cbbcb9c82670749d) Importer(815301076,1909f56bfc062723c751e8b465ee728b)
Start importing Packages/com.microsoft.mixedreality.toolkit.foundation/SDK/Features/UX/Interactable/Materials/HolographicButtonIconProfiler.mat using Guid(85b164de2cfcb854cbbcb9c82670749d) Importer(815301076,1909f56bfc062723c751e8b465ee728b)  -> (artifact id: 'bc558178685f7af3b19996e7c3a87a70') in 0.068659 seconds 
========================================================================
Received Import Request.
  Time since last request: 0.000023 seconds.
  path: Packages/com.microsoft.mixedreality.toolkit.foundation/SDK/Features/UX/Interactable/Materials/HolographicButtonIconMRTKLogo.mat
  artifactKey: Guid(a733cc411dc53cc4794e0f29c2ca990b) Importer(815301076,1909f56bfc062723c751e8b465ee728b)
Start importing Packages/com.microsoft.mixedreality.toolkit.foundation/SDK/Features/UX/Interactable/Materials/HolographicButtonIconMRTKLogo.mat using Guid(a733cc411dc53cc4794e0f29c2ca990b) Importer(815301076,1909f56bfc062723c751e8b465ee728b)  -> (artifact id: '45b58c2e6248a2067db1f2b696a28a6a') in 0.070098 seconds 
========================================================================
Received Import Request.
  Time since last request: 0.000038 seconds.
  path: Packages/com.microsoft.mixedreality.toolkit.foundation/SDK/StandardAssets/Models/Materials/Cheese2.mat
  artifactKey: Guid(2e7ee0c64b3021a46be96a51517a1d94) Importer(815301076,1909f56bfc062723c751e8b465ee728b)
Start importing Packages/com.microsoft.mixedreality.toolkit.foundation/SDK/StandardAssets/Models/Materials/Cheese2.mat using Guid(2e7ee0c64b3021a46be96a51517a1d94) Importer(815301076,1909f56bfc062723c751e8b465ee728b)  -> (artifact id: '63e2bcb3303a105af1af2a262a12c4d5') in 0.099224 seconds 
========================================================================
Received Import Request.
  Time since last request: 0.000033 seconds.
  path: Packages/com.microsoft.mixedreality.toolkit.foundation/SDK/Features/UX/Materials/HandIndexTip.mat
  artifactKey: Guid(45b288c2aa5c87d41af05c57a5f49acb) Importer(815301076,1909f56bfc062723c751e8b465ee728b)
Start importing Packages/com.microsoft.mixedreality.toolkit.foundation/SDK/Features/UX/Materials/HandIndexTip.mat using Guid(45b288c2aa5c87d41af05c57a5f49acb) Importer(815301076,1909f56bfc062723c751e8b465ee728b)  -> (artifact id: '7f928589134a9d732a667e6908c14d6f') in 0.074748 seconds 
========================================================================
Received Import Request.
  Time since last request: 0.000019 seconds.
  path: Packages/com.microsoft.mixedreality.toolkit.foundation/SDK/Features/UX/Interactable/Materials/HolographicButtonIconGrabAreaDouble.mat
  artifactKey: Guid(562472529ff7b124fb4142dc857bcda7) Importer(815301076,1909f56bfc062723c751e8b465ee728b)
Start importing Packages/com.microsoft.mixedreality.toolkit.foundation/SDK/Features/UX/Interactable/Materials/HolographicButtonIconGrabAreaDouble.mat using Guid(562472529ff7b124fb4142dc857bcda7) Importer(815301076,1909f56bfc062723c751e8b465ee728b)  -> (artifact id: 'cf8efabc84d39e2a58e57586f5af03c2') in 0.055684 seconds 
========================================================================
Received Import Request.
  Time since last request: 0.000021 seconds.
  path: Packages/com.microsoft.mixedreality.toolkit.foundation/SDK/Experimental/MixedRealityKeyboardPreview/Materials/MixedRealityKeyboardPreviewTextRect.mat
  artifactKey: Guid(1fa0912959595a142b2cbae1684e0d38) Importer(815301076,1909f56bfc062723c751e8b465ee728b)
Start importing Packages/com.microsoft.mixedreality.toolkit.foundation/SDK/Experimental/MixedRealityKeyboardPreview/Materials/MixedRealityKeyboardPreviewTextRect.mat using Guid(1fa0912959595a142b2cbae1684e0d38) Importer(815301076,1909f56bfc062723c751e8b465ee728b)  -> (artifact id: 'fa922f9ec3b202bf41b6822e1fb321bc') in 0.074700 seconds 
========================================================================
Received Import Request.
  Time since last request: 0.000041 seconds.
  path: Packages/com.microsoft.mixedreality.toolkit.standardassets/Materials/MRTK_Standard_TransparentOrange.mat
  artifactKey: Guid(4e7efd468ef796b4cbdefce6c9b071f9) Importer(815301076,1909f56bfc062723c751e8b465ee728b)
Start importing Packages/com.microsoft.mixedreality.toolkit.standardassets/Materials/MRTK_Standard_TransparentOrange.mat using Guid(4e7efd468ef796b4cbdefce6c9b071f9) Importer(815301076,1909f56bfc062723c751e8b465ee728b)  -> (artifact id: '9b4c8ff73d2d0271c5b03e00ef035c5f') in 0.022808 seconds 
========================================================================
Received Import Request.
  Time since last request: 0.000042 seconds.
  path: Packages/com.microsoft.mixedreality.toolkit.foundation/SDK/Features/UX/Interactable/Materials/HolographicBackPlateNoBorder.mat
  artifactKey: Guid(40261cd01d861f241b945b4fb6609cff) Importer(815301076,1909f56bfc062723c751e8b465ee728b)
Start importing Packages/com.microsoft.mixedreality.toolkit.foundation/SDK/Features/UX/Interactable/Materials/HolographicBackPlateNoBorder.mat using Guid(40261cd01d861f241b945b4fb6609cff) Importer(815301076,1909f56bfc062723c751e8b465ee728b)  -> (artifact id: '92951873462c647a2dd8df19c7463922') in 0.068082 seconds 
========================================================================
Received Import Request.
  Time since last request: 0.000032 seconds.
  path: Packages/com.microsoft.mixedreality.toolkit.foundation/SDK/Features/UX/Interactable/Materials/HolographicButtonIconSettings.mat
  artifactKey: Guid(5a9ff3bf27bd2f14eb87222e2d2761b8) Importer(815301076,1909f56bfc062723c751e8b465ee728b)
Start importing Packages/com.microsoft.mixedreality.toolkit.foundation/SDK/Features/UX/Interactable/Materials/HolographicButtonIconSettings.mat using Guid(5a9ff3bf27bd2f14eb87222e2d2761b8) Importer(815301076,1909f56bfc062723c751e8b465ee728b)  -> (artifact id: '1f252e43d64f463b21bf435ebb3fcdc8') in 0.029574 seconds 
========================================================================
Received Import Request.
  Time since last request: 0.000027 seconds.
  path: Packages/com.microsoft.mixedreality.toolkit.standardassets/Materials/MRTK_Standard_TransparentCharcoal.mat
  artifactKey: Guid(68b4661a8a0b2644b886f95904c52ba3) Importer(815301076,1909f56bfc062723c751e8b465ee728b)
Start importing Packages/com.microsoft.mixedreality.toolkit.standardassets/Materials/MRTK_Standard_TransparentCharcoal.mat using Guid(68b4661a8a0b2644b886f95904c52ba3) Importer(815301076,1909f56bfc062723c751e8b465ee728b)  -> (artifact id: '1c876a0fec30578c85a00be2e2a940a0') in 0.020615 seconds 
========================================================================
Received Import Request.
  Time since last request: 0.000026 seconds.
  path: Packages/com.microsoft.mixedreality.toolkit.foundation/SDK/Features/UX/Materials/BoundingBoxLines.mat
  artifactKey: Guid(ccd13293eae6cd2498077eae3f18df0d) Importer(815301076,1909f56bfc062723c751e8b465ee728b)
Start importing Packages/com.microsoft.mixedreality.toolkit.foundation/SDK/Features/UX/Materials/BoundingBoxLines.mat using Guid(ccd13293eae6cd2498077eae3f18df0d) Importer(815301076,1909f56bfc062723c751e8b465ee728b)  -> (artifact id: '85ae367bab58ae05629f037c54728bae') in 0.065112 seconds 
========================================================================
Received Import Request.
  Time since last request: 0.000034 seconds.
  path: Packages/com.microsoft.mixedreality.toolkit.standardassets/Materials/MRTK_Occlusion.mat
  artifactKey: Guid(a809c7ea182b699409443d46d5b42435) Importer(815301076,1909f56bfc062723c751e8b465ee728b)
Start importing Packages/com.microsoft.mixedreality.toolkit.standardassets/Materials/MRTK_Occlusion.mat using Guid(a809c7ea182b699409443d46d5b42435) Importer(815301076,1909f56bfc062723c751e8b465ee728b)  -> (artifact id: 'f15102dbd4d179f124390b7d161a5a1d') in 0.032727 seconds 
========================================================================
Received Import Request.
  Time since last request: 0.000039 seconds.
  path: Packages/com.microsoft.mixedreality.toolkit.foundation/SDK/Features/UX/Interactable/Materials/MRTK_GrabbableDots.mat
  artifactKey: Guid(1d3d3b8b33373be4ba8d3b1676d2b5ba) Importer(815301076,1909f56bfc062723c751e8b465ee728b)
Start importing Packages/com.microsoft.mixedreality.toolkit.foundation/SDK/Features/UX/Interactable/Materials/MRTK_GrabbableDots.mat using Guid(1d3d3b8b33373be4ba8d3b1676d2b5ba) Importer(815301076,1909f56bfc062723c751e8b465ee728b)  -> (artifact id: '793701c903f5753f479fdd3622451fa5') in 0.021874 seconds 
========================================================================
Received Import Request.
  Time since last request: 0.000025 seconds.
  path: Packages/com.microsoft.mixedreality.toolkit.foundation/SDK/Features/UX/Interactable/Materials/HolographicButtonThinContent.mat
  artifactKey: Guid(2908087d837e7ab4f8bc0c2b3de90823) Importer(815301076,1909f56bfc062723c751e8b465ee728b)
Start importing Packages/com.microsoft.mixedreality.toolkit.foundation/SDK/Features/UX/Interactable/Materials/HolographicButtonThinContent.mat using Guid(2908087d837e7ab4f8bc0c2b3de90823) Importer(815301076,1909f56bfc062723c751e8b465ee728b)  -> (artifact id: '4b86169d6b63c2d6aa48b51dac551550') in 0.020629 seconds 
========================================================================
Received Import Request.
  Time since last request: 0.000025 seconds.
  path: Packages/com.unity.xr.arfoundation/Materials/DebugFace.mat
  artifactKey: Guid(35bd980c8f2234e3d8b640e25a677d65) Importer(815301076,1909f56bfc062723c751e8b465ee728b)
Start importing Packages/com.unity.xr.arfoundation/Materials/DebugFace.mat using Guid(35bd980c8f2234e3d8b640e25a677d65) Importer(815301076,1909f56bfc062723c751e8b465ee728b)  -> (artifact id: '20ffe658d730bf204dd475747331dfa3') in 0.106947 seconds 
========================================================================
Received Import Request.
  Time since last request: 0.000024 seconds.
  path: Packages/com.microsoft.mixedreality.toolkit.foundation/SDK/Features/UX/Interactable/Materials/Ground.mat
  artifactKey: Guid(1fac60a6b183d204dbe2c379128ad367) Importer(815301076,1909f56bfc062723c751e8b465ee728b)
Start importing Packages/com.microsoft.mixedreality.toolkit.foundation/SDK/Features/UX/Interactable/Materials/Ground.mat using Guid(1fac60a6b183d204dbe2c379128ad367) Importer(815301076,1909f56bfc062723c751e8b465ee728b)  -> (artifact id: '5f5f6823f2f418932ee06f5f07689081') in 0.027327 seconds 
========================================================================
Received Import Request.
  Time since last request: 0.000029 seconds.
  path: Packages/com.microsoft.mixedreality.toolkit.foundation/SDK/Features/UX/Interactable/Materials/HolographicButtonContentCageProximityUnityUI.mat
  artifactKey: Guid(576d8c5677ec60c459961421ebe64e99) Importer(815301076,1909f56bfc062723c751e8b465ee728b)
Start importing Packages/com.microsoft.mixedreality.toolkit.foundation/SDK/Features/UX/Interactable/Materials/HolographicButtonContentCageProximityUnityUI.mat using Guid(576d8c5677ec60c459961421ebe64e99) Importer(815301076,1909f56bfc062723c751e8b465ee728b)  -> (artifact id: 'd056359b4fa0a014019e148a3a639bf4') in 0.130066 seconds 
========================================================================
Received Import Request.
  Time since last request: 0.000061 seconds.
  path: Packages/com.microsoft.mixedreality.toolkit.foundation/SDK/Features/UX/Interactable/Materials/HolographicButtonIconMessage.mat
  artifactKey: Guid(c3ec3f87c678f3d48bc51f5625647104) Importer(815301076,1909f56bfc062723c751e8b465ee728b)
Start importing Packages/com.microsoft.mixedreality.toolkit.foundation/SDK/Features/UX/Interactable/Materials/HolographicButtonIconMessage.mat using Guid(c3ec3f87c678f3d48bc51f5625647104) Importer(815301076,1909f56bfc062723c751e8b465ee728b)  -> (artifact id: '3421a5c1f091a4214e582bb15fc00185') in 0.030303 seconds 
========================================================================
Received Import Request.
  Time since last request: 0.000022 seconds.
  path: Packages/com.microsoft.mixedreality.toolkit.foundation/SDK/Features/UX/Materials/HandJoint.mat
  artifactKey: Guid(ebb63c2ee13723441a43c91c9dad413b) Importer(815301076,1909f56bfc062723c751e8b465ee728b)
Start importing Packages/com.microsoft.mixedreality.toolkit.foundation/SDK/Features/UX/Materials/HandJoint.mat using Guid(ebb63c2ee13723441a43c91c9dad413b) Importer(815301076,1909f56bfc062723c751e8b465ee728b)  -> (artifact id: '1e7eaef041fcdd11c4f45f16ddffdbcb') in 0.022790 seconds 
========================================================================
Received Import Request.
  Time since last request: 0.000029 seconds.
  path: Packages/com.microsoft.mixedreality.toolkit.foundation/SDK/Features/UX/Interactable/Materials/HolographicButtonIconCheckBoxOff.mat
  artifactKey: Guid(d263b1c7b0982b04f8cf95851e838930) Importer(815301076,1909f56bfc062723c751e8b465ee728b)
Start importing Packages/com.microsoft.mixedreality.toolkit.foundation/SDK/Features/UX/Interactable/Materials/HolographicButtonIconCheckBoxOff.mat using Guid(d263b1c7b0982b04f8cf95851e838930) Importer(815301076,1909f56bfc062723c751e8b465ee728b)  -> (artifact id: '13b891941bc0b4f1f3d2c8d7b823c33a') in 0.036838 seconds 
========================================================================
Received Import Request.
  Time since last request: 0.000021 seconds.
  path: Packages/com.microsoft.mixedreality.toolkit.foundation/SDK/Features/UX/Interactable/Materials/HolographicBackPlateGrabbable.mat
  artifactKey: Guid(b422ff31060379342bb34bf8c22239e6) Importer(815301076,1909f56bfc062723c751e8b465ee728b)
Start importing Packages/com.microsoft.mixedreality.toolkit.foundation/SDK/Features/UX/Interactable/Materials/HolographicBackPlateGrabbable.mat using Guid(b422ff31060379342bb34bf8c22239e6) Importer(815301076,1909f56bfc062723c751e8b465ee728b)  -> (artifact id: '7f01eeb269c4790971c08f2f40611ff0') in 0.146204 seconds 
========================================================================
Received Import Request.
  Time since last request: 0.000026 seconds.
  path: Packages/com.microsoft.mixedreality.toolkit.standardassets/Fonts/selawkl.ttf
  artifactKey: Guid(e65983ad3f7b44aa81e726d5ffb472d7) Importer(815301076,1909f56bfc062723c751e8b465ee728b)
Start importing Packages/com.microsoft.mixedreality.toolkit.standardassets/Fonts/selawkl.ttf using Guid(e65983ad3f7b44aa81e726d5ffb472d7) Importer(815301076,1909f56bfc062723c751e8b465ee728b)  -> (artifact id: '3a9e56aa9f3ed3f9f6e99ac30a606249') in 0.026573 seconds 
========================================================================
Received Import Request.
  Time since last request: 0.000044 seconds.
  path: Packages/com.microsoft.mixedreality.toolkit.foundation/SDK/Features/UX/Materials/PulseShader/MRTK_Pulse_ArticulatedHandMeshBlue.mat
  artifactKey: Guid(8898ca407d928454d876a616ba1be32e) Importer(815301076,1909f56bfc062723c751e8b465ee728b)
Start importing Packages/com.microsoft.mixedreality.toolkit.foundation/SDK/Features/UX/Materials/PulseShader/MRTK_Pulse_ArticulatedHandMeshBlue.mat using Guid(8898ca407d928454d876a616ba1be32e) Importer(815301076,1909f56bfc062723c751e8b465ee728b)  -> (artifact id: '32762a0de62a00a5d341850757ef3522') in 0.205378 seconds 
========================================================================
Received Import Request.
  Time since last request: 0.000024 seconds.
  path: Packages/com.microsoft.mixedreality.toolkit.foundation/SDK/Features/UX/Interactable/Materials/HolographicButtonIconPin.mat
  artifactKey: Guid(983d124b2920b4e4499bfc42d1bee8d2) Importer(815301076,1909f56bfc062723c751e8b465ee728b)
Start importing Packages/com.microsoft.mixedreality.toolkit.foundation/SDK/Features/UX/Interactable/Materials/HolographicButtonIconPin.mat using Guid(983d124b2920b4e4499bfc42d1bee8d2) Importer(815301076,1909f56bfc062723c751e8b465ee728b)  -> (artifact id: 'f51c2cc2bfd5eab04b55fb9a05988db8') in 0.030998 seconds 
========================================================================
Received Import Request.
  Time since last request: 0.000036 seconds.
  path: Packages/com.microsoft.mixedreality.toolkit.standardassets/Materials/MRTK_Standard_LightGray.mat
  artifactKey: Guid(d5334c45caee46be937b095a1e977dc6) Importer(815301076,1909f56bfc062723c751e8b465ee728b)
Start importing Packages/com.microsoft.mixedreality.toolkit.standardassets/Materials/MRTK_Standard_LightGray.mat using Guid(d5334c45caee46be937b095a1e977dc6) Importer(815301076,1909f56bfc062723c751e8b465ee728b)  -> (artifact id: '89181fba515b0fb319210ebcc337c22d') in 0.023485 seconds 
========================================================================
Received Import Request.
  Time since last request: 0.000023 seconds.
  path: Packages/com.microsoft.mixedreality.toolkit.standardassets/Materials/MRTK_Standard_Emerald.mat
  artifactKey: Guid(b0fcdc3322e34d9ea83e8399bd9f4031) Importer(815301076,1909f56bfc062723c751e8b465ee728b)
Start importing Packages/com.microsoft.mixedreality.toolkit.standardassets/Materials/MRTK_Standard_Emerald.mat using Guid(b0fcdc3322e34d9ea83e8399bd9f4031) Importer(815301076,1909f56bfc062723c751e8b465ee728b)  -> (artifact id: '99706038ff20e7ae40529ccc9cb6adbc') in 0.019609 seconds 
========================================================================
Received Import Request.
  Time since last request: 0.000018 seconds.
  path: Packages/com.microsoft.mixedreality.toolkit.foundation/SDK/Features/UX/Materials/BoundingBoxSlateGrabbed.mat
  artifactKey: Guid(f671b04930fdad54c8b50a4c6d7d9b02) Importer(815301076,1909f56bfc062723c751e8b465ee728b)
Start importing Packages/com.microsoft.mixedreality.toolkit.foundation/SDK/Features/UX/Materials/BoundingBoxSlateGrabbed.mat using Guid(f671b04930fdad54c8b50a4c6d7d9b02) Importer(815301076,1909f56bfc062723c751e8b465ee728b)  -> (artifact id: '625ceb6c418ced789c10ef1341871ede') in 0.082810 seconds 
========================================================================
Received Import Request.
  Time since last request: 0.000021 seconds.
  path: Packages/com.microsoft.mixedreality.toolkit.foundation/SDK/Features/UX/Materials/BoundingBox.mat
  artifactKey: Guid(4a9aae3094118f44593e7f8000e24c31) Importer(815301076,1909f56bfc062723c751e8b465ee728b)
Start importing Packages/com.microsoft.mixedreality.toolkit.foundation/SDK/Features/UX/Materials/BoundingBox.mat using Guid(4a9aae3094118f44593e7f8000e24c31) Importer(815301076,1909f56bfc062723c751e8b465ee728b)  -> (artifact id: '642801238fd9b9ce5ca10e1fa9f07d8e') in 0.130332 seconds 
========================================================================
Received Import Request.
  Time since last request: 0.000031 seconds.
  path: Packages/com.microsoft.mixedreality.toolkit.foundation/SDK/Features/UX/Interactable/Materials/HolographicButtonIconFollowMe.mat
  artifactKey: Guid(929f4e12c37d25a4ba6ddce457e88551) Importer(815301076,1909f56bfc062723c751e8b465ee728b)
Start importing Packages/com.microsoft.mixedreality.toolkit.foundation/SDK/Features/UX/Interactable/Materials/HolographicButtonIconFollowMe.mat using Guid(929f4e12c37d25a4ba6ddce457e88551) Importer(815301076,1909f56bfc062723c751e8b465ee728b)  -> (artifact id: '8830d6d29b5b9e3b9d7036f563dd7082') in 0.031963 seconds 
========================================================================
Received Import Request.
  Time since last request: 0.000032 seconds.
  path: Packages/com.microsoft.mixedreality.toolkit.foundation/SDK/Features/UX/Interactable/Materials/HolographicBackPlate.mat
  artifactKey: Guid(ec72a3a105768f746b556a8dfdae61a8) Importer(815301076,1909f56bfc062723c751e8b465ee728b)
Start importing Packages/com.microsoft.mixedreality.toolkit.foundation/SDK/Features/UX/Interactable/Materials/HolographicBackPlate.mat using Guid(ec72a3a105768f746b556a8dfdae61a8) Importer(815301076,1909f56bfc062723c751e8b465ee728b)  -> (artifact id: 'd7295253533a793945405a2379faaf66') in 0.086730 seconds 
========================================================================
Received Import Request.
  Time since last request: 0.000027 seconds.
  path: Packages/com.microsoft.mixedreality.toolkit.foundation/SDK/Features/UX/Interactable/Materials/DefaultButton.mat
  artifactKey: Guid(11a74654c6e973049993e13dd7e9733f) Importer(815301076,1909f56bfc062723c751e8b465ee728b)
Start importing Packages/com.microsoft.mixedreality.toolkit.foundation/SDK/Features/UX/Interactable/Materials/DefaultButton.mat using Guid(11a74654c6e973049993e13dd7e9733f) Importer(815301076,1909f56bfc062723c751e8b465ee728b)  -> (artifact id: 'ee9a1bf2a2e52893791b7ff38f2e00f6') in 0.115900 seconds 
========================================================================
Received Import Request.
  Time since last request: 0.000023 seconds.
  path: Packages/com.microsoft.mixedreality.toolkit.standardassets/Materials/MRTK_Standard_DarkBrown.mat
  artifactKey: Guid(a7448698c15706f48905e44d8e76f2b5) Importer(815301076,1909f56bfc062723c751e8b465ee728b)
Start importing Packages/com.microsoft.mixedreality.toolkit.standardassets/Materials/MRTK_Standard_DarkBrown.mat using Guid(a7448698c15706f48905e44d8e76f2b5) Importer(815301076,1909f56bfc062723c751e8b465ee728b)  -> (artifact id: 'b85431d9d8b99213b38b950056b53319') in 0.020534 seconds 
========================================================================
Received Import Request.
  Time since last request: 0.000029 seconds.
  path: Packages/com.microsoft.mixedreality.toolkit.foundation/SDK/Features/UX/Interactable/Materials/HolographicButtonIconSearch.mat
  artifactKey: Guid(57717538759a71948975aa7be8c2a3cb) Importer(815301076,1909f56bfc062723c751e8b465ee728b)
Start importing Packages/com.microsoft.mixedreality.toolkit.foundation/SDK/Features/UX/Interactable/Materials/HolographicButtonIconSearch.mat using Guid(57717538759a71948975aa7be8c2a3cb) Importer(815301076,1909f56bfc062723c751e8b465ee728b)  -> (artifact id: 'a52f4a861d4d9dc79732c33d22ef6e82') in 0.029115 seconds 
========================================================================
Received Import Request.
  Time since last request: 0.000026 seconds.
  path: Packages/com.microsoft.mixedreality.toolkit.foundation/SDK/Features/UX/Materials/PulseShader/MRTK_Pulse_SpatialMeshBlue.mat
  artifactKey: Guid(b24e702ba4a7dd14bb78e04ea42311ff) Importer(815301076,1909f56bfc062723c751e8b465ee728b)
Start importing Packages/com.microsoft.mixedreality.toolkit.foundation/SDK/Features/UX/Materials/PulseShader/MRTK_Pulse_SpatialMeshBlue.mat using Guid(b24e702ba4a7dd14bb78e04ea42311ff) Importer(815301076,1909f56bfc062723c751e8b465ee728b)  -> (artifact id: '53ff85930ad1887a951f1a71999c30ea') in 0.097453 seconds 
========================================================================
Received Import Request.
  Time since last request: 0.000022 seconds.
  path: Packages/com.microsoft.mixedreality.toolkit.foundation/SDK/Features/UX/Interactable/Materials/ColorButton.mat
  artifactKey: Guid(745567f5ce7a31346bc19e4f940b9203) Importer(815301076,1909f56bfc062723c751e8b465ee728b)
Start importing Packages/com.microsoft.mixedreality.toolkit.foundation/SDK/Features/UX/Interactable/Materials/ColorButton.mat using Guid(745567f5ce7a31346bc19e4f940b9203) Importer(815301076,1909f56bfc062723c751e8b465ee728b)  -> (artifact id: '4d1c6ef0fe3d7bc36e9b9f3ca1ba0b06') in 0.081777 seconds 
========================================================================
Received Import Request.
  Time since last request: 0.000027 seconds.
  path: Packages/com.microsoft.mixedreality.toolkit.standardassets/Materials/MRTK_Standard_Magenta.mat
  artifactKey: Guid(71d573ea4cb045cdadc98e56044f6d2c) Importer(815301076,1909f56bfc062723c751e8b465ee728b)
Start importing Packages/com.microsoft.mixedreality.toolkit.standardassets/Materials/MRTK_Standard_Magenta.mat using Guid(71d573ea4cb045cdadc98e56044f6d2c) Importer(815301076,1909f56bfc062723c751e8b465ee728b)  -> (artifact id: '63fad6a4e81c9e9d628a0e102c4b85c8') in 0.024847 seconds 
========================================================================
Received Import Request.
  Time since last request: 0.000035 seconds.
  path: Packages/com.microsoft.mixedreality.toolkit.foundation/SDK/StandardAssets/Materials/MRTK_DefaultPointerLineNoTarget.mat
  artifactKey: Guid(876c7e981edab3a44918b5c51482a286) Importer(815301076,1909f56bfc062723c751e8b465ee728b)
Start importing Packages/com.microsoft.mixedreality.toolkit.foundation/SDK/StandardAssets/Materials/MRTK_DefaultPointerLineNoTarget.mat using Guid(876c7e981edab3a44918b5c51482a286) Importer(815301076,1909f56bfc062723c751e8b465ee728b)  -> (artifact id: 'c2f3c856cd5602d0f6dc966129810a35') in 0.065980 seconds 
========================================================================
Received Import Request.
  Time since last request: 0.000025 seconds.
  path: Packages/com.microsoft.mixedreality.toolkit.foundation/SDK/Features/UX/Interactable/Materials/HolographicBox.mat
  artifactKey: Guid(759c267043bbdb14797cc0a594891352) Importer(815301076,1909f56bfc062723c751e8b465ee728b)
Start importing Packages/com.microsoft.mixedreality.toolkit.foundation/SDK/Features/UX/Interactable/Materials/HolographicBox.mat using Guid(759c267043bbdb14797cc0a594891352) Importer(815301076,1909f56bfc062723c751e8b465ee728b)  -> (artifact id: 'f870fd2cff91e5e7e911dcfe29ae636a') in 0.112743 seconds 
========================================================================
Received Import Request.
  Time since last request: 0.000025 seconds.
  path: Packages/com.microsoft.mixedreality.toolkit.foundation/SDK/Features/UX/Interactable/Materials/ButtonBackground.mat
  artifactKey: Guid(136544d5b4710a948b76a024a29c5b84) Importer(815301076,1909f56bfc062723c751e8b465ee728b)
Start importing Packages/com.microsoft.mixedreality.toolkit.foundation/SDK/Features/UX/Interactable/Materials/ButtonBackground.mat using Guid(136544d5b4710a948b76a024a29c5b84) Importer(815301076,1909f56bfc062723c751e8b465ee728b)  -> (artifact id: 'cfa86614a1eef9cf5263f4b3a867d383') in 0.025248 seconds 
Editor requested this worker to shutdown with reason: Scaling down because of idle timeout
AssetImportWorker is now disconnected from the server
Process exiting
Exiting without the bug reporter. Application will terminate with return code 0